# JRE version: OpenJDK Runtime Environment (8.0_152-b01) (build 1.8.0_152-release-915-b01)
# Java VM: OpenJDK 64-Bit Server VM (25.152-b01 mixed mode windows-amd64 compressed oops)
Heap:
 PSYoungGen      total 162304K, used 127573K [0x00000000e0000000, 0x00000000ebd80000, 0x0000000100000000)
  eden space 138240K, 92% used [0x00000000e0000000,0x00000000e7c95778,0x00000000e8700000)
  from space 24064K, 0% used [0x00000000e8700000,0x00000000e8700000,0x00000000e9e80000)
  to   space 21504K, 0% used [0x00000000e9e80000,0x00000000e9e80000,0x00000000eb380000)
 ParOldGen       total 119296K, used 32470K [0x00000000a0000000, 0x00000000a7480000, 0x00000000e0000000)
  object space 119296K, 27% used [0x00000000a0000000,0x00000000a1fb5a58,0x00000000a7480000)
 Metaspace       used 64020K, capacity 66456K, committed 66776K, reserved 1107968K
  class space    used 8613K, capacity 9138K, committed 9216K, reserved 1048576K
GC Heap History (10 events):
Event: 12.594 GC heap before
{Heap before GC invocations=14 (full 2):
 PSYoungGen      total 135680K, used 134668K [0x00000000e0000000, 0x00000000eb380000, 0x0000000100000000)
  eden space 119296K, 99% used [0x00000000e0000000,0x00000000e7387d00,0x00000000e7480000)
  from space 16384K, 99% used [0x00000000e7480000,0x00000000e847b510,0x00000000e8480000)
  to   space 21504K, 0% used [0x00000000e9e80000,0x00000000e9e80000,0x00000000eb380000)
 ParOldGen       total 95744K, used 27593K [0x00000000a0000000, 0x00000000a5d80000, 0x00000000e0000000)
  object space 95744K, 28% used [0x00000000a0000000,0x00000000a1af25d8,0x00000000a5d80000)
 Metaspace       used 56682K, capacity 58700K, committed 58840K, reserved 1099776K
  class space    used 7677K, capacity 8149K, committed 8192K, reserved 1048576K
Event: 12.618 GC heap after
Heap after GC invocations=14 (full 2):
 PSYoungGen      total 159744K, used 20286K [0x00000000e0000000, 0x00000000ebd80000, 0x0000000100000000)
  eden space 138240K, 0% used [0x00000000e0000000,0x00000000e0000000,0x00000000e8700000)
  from space 21504K, 94% used [0x00000000e9e80000,0x00000000eb24fa40,0x00000000eb380000)
  to   space 24064K, 0% used [0x00000000e8700000,0x00000000e8700000,0x00000000e9e80000)
 ParOldGen       total 95744K, used 27601K [0x00000000a0000000, 0x00000000a5d80000, 0x00000000e0000000)
  object space 95744K, 28% used [0x00000000a0000000,0x00000000a1af45d8,0x00000000a5d80000)
 Metaspace       used 56682K, capacity 58700K, committed 58840K, reserved 1099776K
  class space    used 7677K, capacity 8149K, committed 8192K, reserved 1048576K
}
Event: 12.634 GC heap before
{Heap before GC invocations=15 (full 2):
 PSYoungGen      total 159744K, used 157682K [0x00000000e0000000, 0x00000000ebd80000, 0x0000000100000000)
  eden space 138240K, 99% used [0x00000000e0000000,0x00000000e862ce88,0x00000000e8700000)
  from space 21504K, 94% used [0x00000000e9e80000,0x00000000eb24fa40,0x00000000eb380000)
  to   space 24064K, 0% used [0x00000000e8700000,0x00000000e8700000,0x00000000e9e80000)
 ParOldGen       total 95744K, used 27601K [0x00000000a0000000, 0x00000000a5d80000, 0x00000000e0000000)
  object space 95744K, 28% used [0x00000000a0000000,0x00000000a1af45d8,0x00000000a5d80000)
 Metaspace       used 56690K, capacity 58700K, committed 58840K, reserved 1099776K
  class space    used 7677K, capacity 8149K, committed 8192K, reserved 1048576K
Event: 12.652 GC heap after
Heap after GC invocations=15 (full 2):
 PSYoungGen      total 162304K, used 19367K [0x00000000e0000000, 0x00000000ebd80000, 0x0000000100000000)
  eden space 138240K, 0% used [0x00000000e0000000,0x00000000e0000000,0x00000000e8700000)
  from space 24064K, 80% used [0x00000000e8700000,0x00000000e99e9c18,0x00000000e9e80000)
  to   space 21504K, 0% used [0x00000000e9e80000,0x00000000e9e80000,0x00000000eb380000)
 ParOldGen       total 95744K, used 27601K [0x00000000a0000000, 0x00000000a5d80000, 0x00000000e0000000)
  object space 95744K, 28% used [0x00000000a0000000,0x00000000a1af45d8,0x00000000a5d80000)
 Metaspace       used 56690K, capacity 58700K, committed 58840K, reserved 1099776K
  class space    used 7677K, capacity 8149K, committed 8192K, reserved 1048576K
}
Event: 12.673 GC heap before
{Heap before GC invocations=16 (full 2):
 PSYoungGen      total 162304K, used 157319K [0x00000000e0000000, 0x00000000ebd80000, 0x0000000100000000)
  eden space 138240K, 99% used [0x00000000e0000000,0x00000000e86b81a0,0x00000000e8700000)
  from space 24064K, 80% used [0x00000000e8700000,0x00000000e99e9c18,0x00000000e9e80000)
  to   space 21504K, 0% used [0x00000000e9e80000,0x00000000e9e80000,0x00000000eb380000)
 ParOldGen       total 95744K, used 27601K [0x00000000a0000000, 0x00000000a5d80000, 0x00000000e0000000)
  object space 95744K, 28% used [0x00000000a0000000,0x00000000a1af45d8,0x00000000a5d80000)
 Metaspace       used 56697K, capacity 58700K, committed 58840K, reserved 1099776K
  class space    used 7677K, capacity 8149K, committed 8192K, reserved 1048576K
Event: 12.691 GC heap after
Heap after GC invocations=16 (full 2):
 PSYoungGen      total 159744K, used 17459K [0x00000000e0000000, 0x00000000ebd80000, 0x0000000100000000)
  eden space 138240K, 0% used [0x00000000e0000000,0x00000000e0000000,0x00000000e8700000)
  from space 21504K, 81% used [0x00000000e9e80000,0x00000000eaf8cf78,0x00000000eb380000)
  to   space 24064K, 0% used [0x00000000e8700000,0x00000000e8700000,0x00000000e9e80000)
 ParOldGen       total 95744K, used 27609K [0x00000000a0000000, 0x00000000a5d80000, 0x00000000e0000000)
  object space 95744K, 28% used [0x00000000a0000000,0x00000000a1af65d8,0x00000000a5d80000)
 Metaspace       used 56697K, capacity 58700K, committed 58840K, reserved 1099776K
  class space    used 7677K, capacity 8149K, committed 8192K, reserved 1048576K
}
Event: 12.811 GC heap before
{Heap before GC invocations=17 (full 2):
 PSYoungGen      total 159744K, used 55589K [0x00000000e0000000, 0x00000000ebd80000, 0x0000000100000000)
  eden space 138240K, 27% used [0x00000000e0000000,0x00000000e253c5b0,0x00000000e8700000)
  from space 21504K, 81% used [0x00000000e9e80000,0x00000000eaf8cf78,0x00000000eb380000)
  to   space 24064K, 0% used [0x00000000e8700000,0x00000000e8700000,0x00000000e9e80000)
 ParOldGen       total 95744K, used 27609K [0x00000000a0000000, 0x00000000a5d80000, 0x00000000e0000000)
  object space 95744K, 28% used [0x00000000a0000000,0x00000000a1af65d8,0x00000000a5d80000)
 Metaspace       used 56937K, capacity 58952K, committed 59028K, reserved 1099776K
  class space    used 7712K, capacity 8161K, committed 8192K, reserved 1048576K
Event: 12.829 GC heap after
Heap after GC invocations=17 (full 2):
 PSYoungGen      total 162304K, used 16948K [0x00000000e0000000, 0x00000000ebd80000, 0x0000000100000000)
  eden space 138240K, 0% used [0x00000000e0000000,0x00000000e0000000,0x00000000e8700000)
  from space 24064K, 70% used [0x00000000e8700000,0x00000000e978d0f0,0x00000000e9e80000)
  to   space 21504K, 0% used [0x00000000e9e80000,0x00000000e9e80000,0x00000000eb380000)
 ParOldGen       total 95744K, used 27617K [0x00000000a0000000, 0x00000000a5d80000, 0x00000000e0000000)
  object space 95744K, 28% used [0x00000000a0000000,0x00000000a1af85d8,0x00000000a5d80000)
 Metaspace       used 56937K, capacity 58952K, committed 59028K, reserved 1099776K
  class space    used 7712K, capacity 8161K, committed 8192K, reserved 1048576K
}
Event: 12.829 GC heap before
{Heap before GC invocations=18 (full 3):
 PSYoungGen      total 162304K, used 16948K [0x00000000e0000000, 0x00000000ebd80000, 0x0000000100000000)
  eden space 138240K, 0% used [0x00000000e0000000,0x00000000e0000000,0x00000000e8700000)
  from space 24064K, 70% used [0x00000000e8700000,0x00000000e978d0f0,0x00000000e9e80000)
  to   space 21504K, 0% used [0x00000000e9e80000,0x00000000e9e80000,0x00000000eb380000)
 ParOldGen       total 95744K, used 27617K [0x00000000a0000000, 0x00000000a5d80000, 0x00000000e0000000)
  object space 95744K, 28% used [0x00000000a0000000,0x00000000a1af85d8,0x00000000a5d80000)
 Metaspace       used 56937K, capacity 58952K, committed 59028K, reserved 1099776K
  class space    used 7712K, capacity 8161K, committed 8192K, reserved 1048576K
Event: 13.074 GC heap after
Heap after GC invocations=18 (full 3):
 PSYoungGen      total 162304K, used 0K [0x00000000e0000000, 0x00000000ebd80000, 0x0000000100000000)
  eden space 138240K, 0% used [0x00000000e0000000,0x00000000e0000000,0x00000000e8700000)
  from space 24064K, 0% used [0x00000000e8700000,0x00000000e8700000,0x00000000e9e80000)
  to   space 21504K, 0% used [0x00000000e9e80000,0x00000000e9e80000,0x00000000eb380000)
 ParOldGen       total 119296K, used 32470K [0x00000000a0000000, 0x00000000a7480000, 0x00000000e0000000)
  object space 119296K, 27% used [0x00000000a0000000,0x00000000a1fb5a58,0x00000000a7480000)
 Metaspace       used 56937K, capacity 58952K, committed 59028K, reserved 1099776K
  class space    used 7712K, capacity 8161K, committed 8192K, reserved 1048576K
}

