# JRE version: OpenJDK Runtime Environment (8.0_152-b01) (build 1.8.0_152-release-915-b01)
# Java VM: OpenJDK 64-Bit Server VM (25.152-b01 mixed mode windows-amd64 compressed oops)
Heap:
 PSYoungGen      total 59904K, used 4588K [0x00000000e0000000, 0x00000000e4300000, 0x0000000100000000)
  eden space 51200K, 3% used [0x00000000e0000000,0x00000000e01e8a58,0x00000000e3200000)
  from space 8704K, 30% used [0x00000000e3200000,0x00000000e3492628,0x00000000e3a80000)
  to   space 8192K, 0% used [0x00000000e3b00000,0x00000000e3b00000,0x00000000e4300000)
 ParOldGen       total 50176K, used 13132K [0x00000000a0000000, 0x00000000a3100000, 0x00000000e0000000)
  object space 50176K, 26% used [0x00000000a0000000,0x00000000a0cd3358,0x00000000a3100000)
 Metaspace       used 32112K, capacity 32756K, committed 33024K, reserved 1077248K
  class space    used 4402K, capacity 4599K, committed 4608K, reserved 1048576K
GC Heap History (10 events):
Event: 2.984 GC heap before
{Heap before GC invocations=8 (full 1):
 PSYoungGen      total 26624K, used 22528K [0x00000000e0000000, 0x00000000e4600000, 0x0000000100000000)
  eden space 22528K, 100% used [0x00000000e0000000,0x00000000e1600000,0x00000000e1600000)
  from space 4096K, 0% used [0x00000000e1e80000,0x00000000e1e80000,0x00000000e2280000)
  to   space 8704K, 0% used [0x00000000e1600000,0x00000000e1600000,0x00000000e1e80000)
 ParOldGen       total 50176K, used 7548K [0x00000000a0000000, 0x00000000a3100000, 0x00000000e0000000)
  object space 50176K, 15% used [0x00000000a0000000,0x00000000a075f0d8,0x00000000a3100000)
 Metaspace       used 23128K, capacity 23696K, committed 23808K, reserved 1069056K
  class space    used 3133K, capacity 3311K, committed 3328K, reserved 1048576K
Event: 2.990 GC heap after
Heap after GC invocations=8 (full 1):
 PSYoungGen      total 31232K, used 3005K [0x00000000e0000000, 0x00000000e3580000, 0x0000000100000000)
  eden space 22528K, 0% used [0x00000000e0000000,0x00000000e0000000,0x00000000e1600000)
  from space 8704K, 34% used [0x00000000e1600000,0x00000000e18ef4e0,0x00000000e1e80000)
  to   space 9216K, 0% used [0x00000000e2c80000,0x00000000e2c80000,0x00000000e3580000)
 ParOldGen       total 50176K, used 7556K [0x00000000a0000000, 0x00000000a3100000, 0x00000000e0000000)
  object space 50176K, 15% used [0x00000000a0000000,0x00000000a07610d8,0x00000000a3100000)
 Metaspace       used 23128K, capacity 23696K, committed 23808K, reserved 1069056K
  class space    used 3133K, capacity 3311K, committed 3328K, reserved 1048576K
}
Event: 3.259 GC heap before
{Heap before GC invocations=9 (full 1):
 PSYoungGen      total 31232K, used 25533K [0x00000000e0000000, 0x00000000e3580000, 0x0000000100000000)
  eden space 22528K, 100% used [0x00000000e0000000,0x00000000e1600000,0x00000000e1600000)
  from space 8704K, 34% used [0x00000000e1600000,0x00000000e18ef4e0,0x00000000e1e80000)
  to   space 9216K, 0% used [0x00000000e2c80000,0x00000000e2c80000,0x00000000e3580000)
 ParOldGen       total 50176K, used 7556K [0x00000000a0000000, 0x00000000a3100000, 0x00000000e0000000)
  object space 50176K, 15% used [0x00000000a0000000,0x00000000a07610d8,0x00000000a3100000)
 Metaspace       used 24970K, capacity 25468K, committed 25728K, reserved 1071104K
  class space    used 3456K, capacity 3602K, committed 3712K, reserved 1048576K
Event: 3.267 GC heap after
Heap after GC invocations=9 (full 1):
 PSYoungGen      total 45568K, used 5026K [0x00000000e0000000, 0x00000000e3500000, 0x0000000100000000)
  eden space 36864K, 0% used [0x00000000e0000000,0x00000000e0000000,0x00000000e2400000)
  from space 8704K, 57% used [0x00000000e2c80000,0x00000000e3168b00,0x00000000e3500000)
  to   space 8704K, 0% used [0x00000000e2400000,0x00000000e2400000,0x00000000e2c80000)
 ParOldGen       total 50176K, used 7564K [0x00000000a0000000, 0x00000000a3100000, 0x00000000e0000000)
  object space 50176K, 15% used [0x00000000a0000000,0x00000000a07630d8,0x00000000a3100000)
 Metaspace       used 24970K, capacity 25468K, committed 25728K, reserved 1071104K
  class space    used 3456K, capacity 3602K, committed 3712K, reserved 1048576K
}
Event: 3.666 GC heap before
{Heap before GC invocations=10 (full 1):
 PSYoungGen      total 45568K, used 41890K [0x00000000e0000000, 0x00000000e3500000, 0x0000000100000000)
  eden space 36864K, 100% used [0x00000000e0000000,0x00000000e2400000,0x00000000e2400000)
  from space 8704K, 57% used [0x00000000e2c80000,0x00000000e3168b00,0x00000000e3500000)
  to   space 8704K, 0% used [0x00000000e2400000,0x00000000e2400000,0x00000000e2c80000)
 ParOldGen       total 50176K, used 7564K [0x00000000a0000000, 0x00000000a3100000, 0x00000000e0000000)
  object space 50176K, 15% used [0x00000000a0000000,0x00000000a07630d8,0x00000000a3100000)
 Metaspace       used 27369K, capacity 27932K, committed 28160K, reserved 1073152K
  class space    used 3808K, capacity 3973K, committed 4096K, reserved 1048576K
Event: 3.680 GC heap after
Heap after GC invocations=10 (full 1):
 PSYoungGen      total 45568K, used 6389K [0x00000000e0000000, 0x00000000e4380000, 0x0000000100000000)
  eden space 36864K, 0% used [0x00000000e0000000,0x00000000e0000000,0x00000000e2400000)
  from space 8704K, 73% used [0x00000000e2400000,0x00000000e2a3d4b0,0x00000000e2c80000)
  to   space 8704K, 0% used [0x00000000e3b00000,0x00000000e3b00000,0x00000000e4380000)
 ParOldGen       total 50176K, used 7572K [0x00000000a0000000, 0x00000000a3100000, 0x00000000e0000000)
  object space 50176K, 15% used [0x00000000a0000000,0x00000000a07650d8,0x00000000a3100000)
 Metaspace       used 27369K, capacity 27932K, committed 28160K, reserved 1073152K
  class space    used 3808K, capacity 3973K, committed 4096K, reserved 1048576K
}
Event: 4.184 GC heap before
{Heap before GC invocations=11 (full 1):
 PSYoungGen      total 45568K, used 43253K [0x00000000e0000000, 0x00000000e4380000, 0x0000000100000000)
  eden space 36864K, 100% used [0x00000000e0000000,0x00000000e2400000,0x00000000e2400000)
  from space 8704K, 73% used [0x00000000e2400000,0x00000000e2a3d4b0,0x00000000e2c80000)
  to   space 8704K, 0% used [0x00000000e3b00000,0x00000000e3b00000,0x00000000e4380000)
 ParOldGen       total 50176K, used 7572K [0x00000000a0000000, 0x00000000a3100000, 0x00000000e0000000)
  object space 50176K, 15% used [0x00000000a0000000,0x00000000a07650d8,0x00000000a3100000)
 Metaspace       used 30673K, capacity 31298K, committed 31360K, reserved 1077248K
  class space    used 4228K, capacity 4454K, committed 4480K, reserved 1048576K
Event: 4.193 GC heap after
Heap after GC invocations=11 (full 1):
 PSYoungGen      total 59392K, used 4642K [0x00000000e0000000, 0x00000000e4300000, 0x0000000100000000)
  eden space 51200K, 0% used [0x00000000e0000000,0x00000000e0000000,0x00000000e3200000)
  from space 8192K, 56% used [0x00000000e3b00000,0x00000000e3f88b18,0x00000000e4300000)
  to   space 8704K, 0% used [0x00000000e3200000,0x00000000e3200000,0x00000000e3a80000)
 ParOldGen       total 50176K, used 10576K [0x00000000a0000000, 0x00000000a3100000, 0x00000000e0000000)
  object space 50176K, 21% used [0x00000000a0000000,0x00000000a0a54158,0x00000000a3100000)
 Metaspace       used 30673K, capacity 31298K, committed 31360K, reserved 1077248K
  class space    used 4228K, capacity 4454K, committed 4480K, reserved 1048576K
}
Event: 4.998 GC heap before
{Heap before GC invocations=12 (full 1):
 PSYoungGen      total 59392K, used 55842K [0x00000000e0000000, 0x00000000e4300000, 0x0000000100000000)
  eden space 51200K, 100% used [0x00000000e0000000,0x00000000e3200000,0x00000000e3200000)
  from space 8192K, 56% used [0x00000000e3b00000,0x00000000e3f88b18,0x00000000e4300000)
  to   space 8704K, 0% used [0x00000000e3200000,0x00000000e3200000,0x00000000e3a80000)
 ParOldGen       total 50176K, used 10576K [0x00000000a0000000, 0x00000000a3100000, 0x00000000e0000000)
  object space 50176K, 21% used [0x00000000a0000000,0x00000000a0a54158,0x00000000a3100000)
 Metaspace       used 32034K, capacity 32608K, committed 32768K, reserved 1077248K
  class space    used 4393K, capacity 4591K, committed 4608K, reserved 1048576K
Event: 5.008 GC heap after
Heap after GC invocations=12 (full 1):
 PSYoungGen      total 59904K, used 2633K [0x00000000e0000000, 0x00000000e4300000, 0x0000000100000000)
  eden space 51200K, 0% used [0x00000000e0000000,0x00000000e0000000,0x00000000e3200000)
  from space 8704K, 30% used [0x00000000e3200000,0x00000000e3492628,0x00000000e3a80000)
  to   space 8192K, 0% used [0x00000000e3b00000,0x00000000e3b00000,0x00000000e4300000)
 ParOldGen       total 50176K, used 13132K [0x00000000a0000000, 0x00000000a3100000, 0x00000000e0000000)
  object space 50176K, 26% used [0x00000000a0000000,0x00000000a0cd3358,0x00000000a3100000)
 Metaspace       used 32034K, capacity 32608K, committed 32768K, reserved 1077248K
  class space    used 4393K, capacity 4591K, committed 4608K, reserved 1048576K
}

