# JRE version: OpenJDK Runtime Environment (8.0_152-b01) (build 1.8.0_152-release-915-b01)
# Java VM: OpenJDK 64-Bit Server VM (25.152-b01 mixed mode windows-amd64 compressed oops)
Heap:
 PSYoungGen      total 293888K, used 263885K [0x00000000e0000000, 0x00000000f4680000, 0x0000000100000000)
  eden space 266240K, 96% used [0x00000000e0000000,0x00000000efac7520,0x00000000f0400000)
  from space 27648K, 25% used [0x00000000f2280000,0x00000000f296c250,0x00000000f3d80000)
  to   space 31232K, 0% used [0x00000000f0400000,0x00000000f0400000,0x00000000f2280000)
 ParOldGen       total 128000K, used 114658K [0x00000000a0000000, 0x00000000a7d00000, 0x00000000e0000000)
  object space 128000K, 89% used [0x00000000a0000000,0x00000000a6ff8820,0x00000000a7d00000)
 Metaspace       used 76077K, capacity 80200K, committed 80512K, reserved 1118208K
  class space    used 9913K, capacity 10811K, committed 10880K, reserved 1048576K
GC Heap History (10 events):
Event: 78.608 GC heap before
{Heap before GC invocations=25 (full 3):
 PSYoungGen      total 297472K, used 278321K [0x00000000e0000000, 0x00000000f4680000, 0x0000000100000000)
  eden space 266240K, 100% used [0x00000000e0000000,0x00000000f0400000,0x00000000f0400000)
  from space 31232K, 38% used [0x00000000f0400000,0x00000000f0fcc410,0x00000000f2280000)
  to   space 27648K, 0% used [0x00000000f2280000,0x00000000f2280000,0x00000000f3d80000)
 ParOldGen       total 128000K, used 84054K [0x00000000a0000000, 0x00000000a7d00000, 0x00000000e0000000)
  object space 128000K, 65% used [0x00000000a0000000,0x00000000a5215828,0x00000000a7d00000)
 Metaspace       used 75323K, capacity 79276K, committed 79360K, reserved 1118208K
  class space    used 9841K, capacity 10707K, committed 10752K, reserved 1048576K
Event: 78.637 GC heap after
Heap after GC invocations=25 (full 3):
 PSYoungGen      total 293888K, used 11843K [0x00000000e0000000, 0x00000000f4680000, 0x0000000100000000)
  eden space 266240K, 0% used [0x00000000e0000000,0x00000000e0000000,0x00000000f0400000)
  from space 27648K, 42% used [0x00000000f2280000,0x00000000f2e10ec0,0x00000000f3d80000)
  to   space 31232K, 0% used [0x00000000f0400000,0x00000000f0400000,0x00000000f2280000)
 ParOldGen       total 128000K, used 87699K [0x00000000a0000000, 0x00000000a7d00000, 0x00000000e0000000)
  object space 128000K, 68% used [0x00000000a0000000,0x00000000a55a4ec8,0x00000000a7d00000)
 Metaspace       used 75323K, capacity 79276K, committed 79360K, reserved 1118208K
  class space    used 9841K, capacity 10707K, committed 10752K, reserved 1048576K
}
Event: 79.468 GC heap before
{Heap before GC invocations=26 (full 3):
 PSYoungGen      total 293888K, used 278083K [0x00000000e0000000, 0x00000000f4680000, 0x0000000100000000)
  eden space 266240K, 100% used [0x00000000e0000000,0x00000000f0400000,0x00000000f0400000)
  from space 27648K, 42% used [0x00000000f2280000,0x00000000f2e10ec0,0x00000000f3d80000)
  to   space 31232K, 0% used [0x00000000f0400000,0x00000000f0400000,0x00000000f2280000)
 ParOldGen       total 128000K, used 87699K [0x00000000a0000000, 0x00000000a7d00000, 0x00000000e0000000)
  object space 128000K, 68% used [0x00000000a0000000,0x00000000a55a4ec8,0x00000000a7d00000)
 Metaspace       used 75350K, capacity 79344K, committed 79616K, reserved 1118208K
  class space    used 9842K, capacity 10707K, committed 10752K, reserved 1048576K
Event: 79.499 GC heap after
Heap after GC invocations=26 (full 3):
 PSYoungGen      total 297472K, used 11786K [0x00000000e0000000, 0x00000000f4680000, 0x0000000100000000)
  eden space 266240K, 0% used [0x00000000e0000000,0x00000000e0000000,0x00000000f0400000)
  from space 31232K, 37% used [0x00000000f0400000,0x00000000f0f829b8,0x00000000f2280000)
  to   space 27648K, 0% used [0x00000000f2280000,0x00000000f2280000,0x00000000f3d80000)
 ParOldGen       total 128000K, used 93290K [0x00000000a0000000, 0x00000000a7d00000, 0x00000000e0000000)
  object space 128000K, 72% used [0x00000000a0000000,0x00000000a5b1aa50,0x00000000a7d00000)
 Metaspace       used 75350K, capacity 79344K, committed 79616K, reserved 1118208K
  class space    used 9842K, capacity 10707K, committed 10752K, reserved 1048576K
}
Event: 80.173 GC heap before
{Heap before GC invocations=27 (full 3):
 PSYoungGen      total 297472K, used 278026K [0x00000000e0000000, 0x00000000f4680000, 0x0000000100000000)
  eden space 266240K, 100% used [0x00000000e0000000,0x00000000f0400000,0x00000000f0400000)
  from space 31232K, 37% used [0x00000000f0400000,0x00000000f0f829b8,0x00000000f2280000)
  to   space 27648K, 0% used [0x00000000f2280000,0x00000000f2280000,0x00000000f3d80000)
 ParOldGen       total 128000K, used 93290K [0x00000000a0000000, 0x00000000a7d00000, 0x00000000e0000000)
  object space 128000K, 72% used [0x00000000a0000000,0x00000000a5b1aa50,0x00000000a7d00000)
 Metaspace       used 75367K, capacity 79348K, committed 79616K, reserved 1118208K
  class space    used 9842K, capacity 10707K, committed 10752K, reserved 1048576K
Event: 80.190 GC heap after
Heap after GC invocations=27 (full 3):
 PSYoungGen      total 293888K, used 8300K [0x00000000e0000000, 0x00000000f4680000, 0x0000000100000000)
  eden space 266240K, 0% used [0x00000000e0000000,0x00000000e0000000,0x00000000f0400000)
  from space 27648K, 30% used [0x00000000f2280000,0x00000000f2a9b0b8,0x00000000f3d80000)
  to   space 31232K, 0% used [0x00000000f0400000,0x00000000f0400000,0x00000000f2280000)
 ParOldGen       total 128000K, used 102180K [0x00000000a0000000, 0x00000000a7d00000, 0x00000000e0000000)
  object space 128000K, 79% used [0x00000000a0000000,0x00000000a63c92a0,0x00000000a7d00000)
 Metaspace       used 75367K, capacity 79348K, committed 79616K, reserved 1118208K
  class space    used 9842K, capacity 10707K, committed 10752K, reserved 1048576K
}
Event: 80.896 GC heap before
{Heap before GC invocations=28 (full 3):
 PSYoungGen      total 293888K, used 274540K [0x00000000e0000000, 0x00000000f4680000, 0x0000000100000000)
  eden space 266240K, 100% used [0x00000000e0000000,0x00000000f0400000,0x00000000f0400000)
  from space 27648K, 30% used [0x00000000f2280000,0x00000000f2a9b0b8,0x00000000f3d80000)
  to   space 31232K, 0% used [0x00000000f0400000,0x00000000f0400000,0x00000000f2280000)
 ParOldGen       total 128000K, used 102180K [0x00000000a0000000, 0x00000000a7d00000, 0x00000000e0000000)
  object space 128000K, 79% used [0x00000000a0000000,0x00000000a63c92a0,0x00000000a7d00000)
 Metaspace       used 75372K, capacity 79348K, committed 79616K, reserved 1118208K
  class space    used 9842K, capacity 10707K, committed 10752K, reserved 1048576K
Event: 80.922 GC heap after
Heap after GC invocations=28 (full 3):
 PSYoungGen      total 297472K, used 7904K [0x00000000e0000000, 0x00000000f4680000, 0x0000000100000000)
  eden space 266240K, 0% used [0x00000000e0000000,0x00000000e0000000,0x00000000f0400000)
  from space 31232K, 25% used [0x00000000f0400000,0x00000000f0bb8000,0x00000000f2280000)
  to   space 27648K, 0% used [0x00000000f2280000,0x00000000f2280000,0x00000000f3d80000)
 ParOldGen       total 128000K, used 107458K [0x00000000a0000000, 0x00000000a7d00000, 0x00000000e0000000)
  object space 128000K, 83% used [0x00000000a0000000,0x00000000a68f0978,0x00000000a7d00000)
 Metaspace       used 75372K, capacity 79348K, committed 79616K, reserved 1118208K
  class space    used 9842K, capacity 10707K, committed 10752K, reserved 1048576K
}
Event: 81.605 GC heap before
{Heap before GC invocations=29 (full 3):
 PSYoungGen      total 297472K, used 274144K [0x00000000e0000000, 0x00000000f4680000, 0x0000000100000000)
  eden space 266240K, 100% used [0x00000000e0000000,0x00000000f0400000,0x00000000f0400000)
  from space 31232K, 25% used [0x00000000f0400000,0x00000000f0bb8000,0x00000000f2280000)
  to   space 27648K, 0% used [0x00000000f2280000,0x00000000f2280000,0x00000000f3d80000)
 ParOldGen       total 128000K, used 107458K [0x00000000a0000000, 0x00000000a7d00000, 0x00000000e0000000)
  object space 128000K, 83% used [0x00000000a0000000,0x00000000a68f0978,0x00000000a7d00000)
 Metaspace       used 75392K, capacity 79348K, committed 79616K, reserved 1118208K
  class space    used 9842K, capacity 10707K, committed 10752K, reserved 1048576K
Event: 81.632 GC heap after
Heap after GC invocations=29 (full 3):
 PSYoungGen      total 293888K, used 7088K [0x00000000e0000000, 0x00000000f4680000, 0x0000000100000000)
  eden space 266240K, 0% used [0x00000000e0000000,0x00000000e0000000,0x00000000f0400000)
  from space 27648K, 25% used [0x00000000f2280000,0x00000000f296c250,0x00000000f3d80000)
  to   space 31232K, 0% used [0x00000000f0400000,0x00000000f0400000,0x00000000f2280000)
 ParOldGen       total 128000K, used 114658K [0x00000000a0000000, 0x00000000a7d00000, 0x00000000e0000000)
  object space 128000K, 89% used [0x00000000a0000000,0x00000000a6ff8820,0x00000000a7d00000)
 Metaspace       used 75392K, capacity 79348K, committed 79616K, reserved 1118208K
  class space    used 9842K, capacity 10707K, committed 10752K, reserved 1048576K
}

