# JRE version: OpenJDK Runtime Environment (8.0_152-b01) (build 1.8.0_152-release-915-b01)
# Java VM: OpenJDK 64-Bit Server VM (25.152-b01 mixed mode windows-amd64 compressed oops)
Heap:
 PSYoungGen      total 258560K, used 73320K [0x00000000e0000000, 0x00000000f5280000, 0x0000000100000000)
  eden space 230912K, 23% used [0x00000000e0000000,0x00000000e358df60,0x00000000ee180000)
  from space 27648K, 66% used [0x00000000ee180000,0x00000000ef38c478,0x00000000efc80000)
  to   space 27136K, 0% used [0x00000000efc80000,0x00000000efc80000,0x00000000f1700000)
 ParOldGen       total 139264K, used 41053K [0x00000000a0000000, 0x00000000a8800000, 0x00000000e0000000)
  object space 139264K, 29% used [0x00000000a0000000,0x00000000a2817678,0x00000000a8800000)
 Metaspace       used 72000K, capacity 74800K, committed 74840K, reserved 1114112K
  class space    used 9219K, capacity 9843K, committed 9856K, reserved 1048576K
GC Heap History (10 events):
Event: 27.960 GC heap before
{Heap before GC invocations=16 (full 3):
 PSYoungGen      total 180736K, used 157696K [0x00000000e0000000, 0x00000000eda00000, 0x0000000100000000)
  eden space 157696K, 100% used [0x00000000e0000000,0x00000000e9a00000,0x00000000e9a00000)
  from space 23040K, 0% used [0x00000000eb300000,0x00000000eb300000,0x00000000ec980000)
  to   space 25600K, 0% used [0x00000000e9a00000,0x00000000e9a00000,0x00000000eb300000)
 ParOldGen       total 139264K, used 41013K [0x00000000a0000000, 0x00000000a8800000, 0x00000000e0000000)
  object space 139264K, 29% used [0x00000000a0000000,0x00000000a280d678,0x00000000a8800000)
 Metaspace       used 60327K, capacity 62266K, committed 62424K, reserved 1103872K
  class space    used 7966K, capacity 8438K, committed 8448K, reserved 1048576K
Event: 27.967 GC heap after
Heap after GC invocations=16 (full 3):
 PSYoungGen      total 183296K, used 5949K [0x00000000e0000000, 0x00000000ef380000, 0x0000000100000000)
  eden space 157696K, 0% used [0x00000000e0000000,0x00000000e0000000,0x00000000e9a00000)
  from space 25600K, 23% used [0x00000000e9a00000,0x00000000e9fcf420,0x00000000eb300000)
  to   space 25088K, 0% used [0x00000000edb00000,0x00000000edb00000,0x00000000ef380000)
 ParOldGen       total 139264K, used 41021K [0x00000000a0000000, 0x00000000a8800000, 0x00000000e0000000)
  object space 139264K, 29% used [0x00000000a0000000,0x00000000a280f678,0x00000000a8800000)
 Metaspace       used 60327K, capacity 62266K, committed 62424K, reserved 1103872K
  class space    used 7966K, capacity 8438K, committed 8448K, reserved 1048576K
}
Event: 71.591 GC heap before
{Heap before GC invocations=17 (full 3):
 PSYoungGen      total 183296K, used 163645K [0x00000000e0000000, 0x00000000ef380000, 0x0000000100000000)
  eden space 157696K, 100% used [0x00000000e0000000,0x00000000e9a00000,0x00000000e9a00000)
  from space 25600K, 23% used [0x00000000e9a00000,0x00000000e9fcf420,0x00000000eb300000)
  to   space 25088K, 0% used [0x00000000edb00000,0x00000000edb00000,0x00000000ef380000)
 ParOldGen       total 139264K, used 41021K [0x00000000a0000000, 0x00000000a8800000, 0x00000000e0000000)
  object space 139264K, 29% used [0x00000000a0000000,0x00000000a280f678,0x00000000a8800000)
 Metaspace       used 67154K, capacity 69470K, committed 69720K, reserved 1110016K
  class space    used 8727K, capacity 9262K, committed 9344K, reserved 1048576K
Event: 71.610 GC heap after
Heap after GC invocations=17 (full 3):
 PSYoungGen      total 211968K, used 14427K [0x00000000e0000000, 0x00000000eed80000, 0x0000000100000000)
  eden space 193024K, 0% used [0x00000000e0000000,0x00000000e0000000,0x00000000ebc80000)
  from space 18944K, 76% used [0x00000000edb00000,0x00000000ee916f00,0x00000000eed80000)
  to   space 25088K, 0% used [0x00000000ebc80000,0x00000000ebc80000,0x00000000ed500000)
 ParOldGen       total 139264K, used 41029K [0x00000000a0000000, 0x00000000a8800000, 0x00000000e0000000)
  object space 139264K, 29% used [0x00000000a0000000,0x00000000a2811678,0x00000000a8800000)
 Metaspace       used 67154K, capacity 69470K, committed 69720K, reserved 1110016K
  class space    used 8727K, capacity 9262K, committed 9344K, reserved 1048576K
}
Event: 75.813 GC heap before
{Heap before GC invocations=18 (full 3):
 PSYoungGen      total 211968K, used 207006K [0x00000000e0000000, 0x00000000eed80000, 0x0000000100000000)
  eden space 193024K, 99% used [0x00000000e0000000,0x00000000ebc109d0,0x00000000ebc80000)
  from space 18944K, 76% used [0x00000000edb00000,0x00000000ee916f00,0x00000000eed80000)
  to   space 25088K, 0% used [0x00000000ebc80000,0x00000000ebc80000,0x00000000ed500000)
 ParOldGen       total 139264K, used 41029K [0x00000000a0000000, 0x00000000a8800000, 0x00000000e0000000)
  object space 139264K, 29% used [0x00000000a0000000,0x00000000a2811678,0x00000000a8800000)
 Metaspace       used 70325K, capacity 72678K, committed 72792K, reserved 1112064K
  class space    used 9018K, capacity 9574K, committed 9600K, reserved 1048576K
Event: 75.835 GC heap after
Heap after GC invocations=18 (full 3):
 PSYoungGen      total 218112K, used 21052K [0x00000000e0000000, 0x00000000f1700000, 0x0000000100000000)
  eden space 193024K, 0% used [0x00000000e0000000,0x00000000e0000000,0x00000000ebc80000)
  from space 25088K, 83% used [0x00000000ebc80000,0x00000000ed10f2f8,0x00000000ed500000)
  to   space 27136K, 0% used [0x00000000efc80000,0x00000000efc80000,0x00000000f1700000)
 ParOldGen       total 139264K, used 41037K [0x00000000a0000000, 0x00000000a8800000, 0x00000000e0000000)
  object space 139264K, 29% used [0x00000000a0000000,0x00000000a2813678,0x00000000a8800000)
 Metaspace       used 70325K, capacity 72678K, committed 72792K, reserved 1112064K
  class space    used 9018K, capacity 9574K, committed 9600K, reserved 1048576K
}
Event: 75.855 GC heap before
{Heap before GC invocations=19 (full 3):
 PSYoungGen      total 218112K, used 214009K [0x00000000e0000000, 0x00000000f1700000, 0x0000000100000000)
  eden space 193024K, 99% used [0x00000000e0000000,0x00000000ebc6f3f8,0x00000000ebc80000)
  from space 25088K, 83% used [0x00000000ebc80000,0x00000000ed10f2f8,0x00000000ed500000)
  to   space 27136K, 0% used [0x00000000efc80000,0x00000000efc80000,0x00000000f1700000)
 ParOldGen       total 139264K, used 41037K [0x00000000a0000000, 0x00000000a8800000, 0x00000000e0000000)
  object space 139264K, 29% used [0x00000000a0000000,0x00000000a2813678,0x00000000a8800000)
 Metaspace       used 70333K, capacity 72678K, committed 72792K, reserved 1112064K
  class space    used 9018K, capacity 9574K, committed 9600K, reserved 1048576K
Event: 75.876 GC heap after
Heap after GC invocations=19 (full 3):
 PSYoungGen      total 258048K, used 18013K [0x00000000e0000000, 0x00000000f5280000, 0x0000000100000000)
  eden space 230912K, 0% used [0x00000000e0000000,0x00000000e0000000,0x00000000ee180000)
  from space 27136K, 66% used [0x00000000efc80000,0x00000000f0e17780,0x00000000f1700000)
  to   space 27648K, 0% used [0x00000000ee180000,0x00000000ee180000,0x00000000efc80000)
 ParOldGen       total 139264K, used 41045K [0x00000000a0000000, 0x00000000a8800000, 0x00000000e0000000)
  object space 139264K, 29% used [0x00000000a0000000,0x00000000a2815678,0x00000000a8800000)
 Metaspace       used 70333K, capacity 72678K, committed 72792K, reserved 1112064K
  class space    used 9018K, capacity 9574K, committed 9600K, reserved 1048576K
}
Event: 79.031 GC heap before
{Heap before GC invocations=20 (full 3):
 PSYoungGen      total 258048K, used 248433K [0x00000000e0000000, 0x00000000f5280000, 0x0000000100000000)
  eden space 230912K, 99% used [0x00000000e0000000,0x00000000ee104fc0,0x00000000ee180000)
  from space 27136K, 66% used [0x00000000efc80000,0x00000000f0e17780,0x00000000f1700000)
  to   space 27648K, 0% used [0x00000000ee180000,0x00000000ee180000,0x00000000efc80000)
 ParOldGen       total 139264K, used 41045K [0x00000000a0000000, 0x00000000a8800000, 0x00000000e0000000)
  object space 139264K, 29% used [0x00000000a0000000,0x00000000a2815678,0x00000000a8800000)
 Metaspace       used 71059K, capacity 73728K, committed 74072K, reserved 1114112K
  class space    used 9131K, capacity 9747K, committed 9856K, reserved 1048576K
Event: 79.052 GC heap after
Heap after GC invocations=20 (full 3):
 PSYoungGen      total 258560K, used 18481K [0x00000000e0000000, 0x00000000f5280000, 0x0000000100000000)
  eden space 230912K, 0% used [0x00000000e0000000,0x00000000e0000000,0x00000000ee180000)
  from space 27648K, 66% used [0x00000000ee180000,0x00000000ef38c478,0x00000000efc80000)
  to   space 27136K, 0% used [0x00000000efc80000,0x00000000efc80000,0x00000000f1700000)
 ParOldGen       total 139264K, used 41053K [0x00000000a0000000, 0x00000000a8800000, 0x00000000e0000000)
  object space 139264K, 29% used [0x00000000a0000000,0x00000000a2817678,0x00000000a8800000)
 Metaspace       used 71059K, capacity 73728K, committed 74072K, reserved 1114112K
  class space    used 9131K, capacity 9747K, committed 9856K, reserved 1048576K
}

