# JRE version: OpenJDK Runtime Environment (8.0_152-b01) (build 1.8.0_152-release-915-b01)
# Java VM: OpenJDK 64-Bit Server VM (25.152-b01 mixed mode windows-amd64 compressed oops)
Heap:
 PSYoungGen      total 288768K, used 187949K [0x00000000e0000000, 0x00000000f3200000, 0x0000000100000000)
  eden space 272384K, 69% used [0x00000000e0000000,0x00000000eb78b440,0x00000000f0a00000)
  from space 16384K, 0% used [0x00000000f2200000,0x00000000f2200000,0x00000000f3200000)
  to   space 20480K, 0% used [0x00000000f0a00000,0x00000000f0a00000,0x00000000f1e00000)
 ParOldGen       total 117760K, used 34367K [0x00000000a0000000, 0x00000000a7300000, 0x00000000e0000000)
  object space 117760K, 29% used [0x00000000a0000000,0x00000000a218fdb0,0x00000000a7300000)
 Metaspace       used 64640K, capacity 67214K, committed 67288K, reserved 1107968K
  class space    used 8687K, capacity 9195K, committed 9216K, reserved 1048576K
GC Heap History (10 events):
Event: 10.333 GC heap before
{Heap before GC invocations=13 (full 2):
 PSYoungGen      total 164352K, used 163563K [0x00000000e0000000, 0x00000000eb880000, 0x0000000100000000)
  eden space 149504K, 99% used [0x00000000e0000000,0x00000000e913bc80,0x00000000e9200000)
  from space 14848K, 99% used [0x00000000ea400000,0x00000000eb27f190,0x00000000eb280000)
  to   space 18432K, 0% used [0x00000000e9200000,0x00000000e9200000,0x00000000ea400000)
 ParOldGen       total 87040K, used 23645K [0x00000000a0000000, 0x00000000a5500000, 0x00000000e0000000)
  object space 87040K, 27% used [0x00000000a0000000,0x00000000a1717788,0x00000000a5500000)
 Metaspace       used 56097K, capacity 57960K, committed 58200K, reserved 1099776K
  class space    used 7605K, capacity 8039K, committed 8064K, reserved 1048576K
Event: 10.356 GC heap after
Heap after GC invocations=13 (full 2):
 PSYoungGen      total 167936K, used 15435K [0x00000000e0000000, 0x00000000ed880000, 0x0000000100000000)
  eden space 149504K, 0% used [0x00000000e0000000,0x00000000e0000000,0x00000000e9200000)
  from space 18432K, 83% used [0x00000000e9200000,0x00000000ea112ec8,0x00000000ea400000)
  to   space 19968K, 0% used [0x00000000ec500000,0x00000000ec500000,0x00000000ed880000)
 ParOldGen       total 87040K, used 31561K [0x00000000a0000000, 0x00000000a5500000, 0x00000000e0000000)
  object space 87040K, 36% used [0x00000000a0000000,0x00000000a1ed26f0,0x00000000a5500000)
 Metaspace       used 56097K, capacity 57960K, committed 58200K, reserved 1099776K
  class space    used 7605K, capacity 8039K, committed 8064K, reserved 1048576K
}
Event: 10.379 GC heap before
{Heap before GC invocations=14 (full 2):
 PSYoungGen      total 167936K, used 164939K [0x00000000e0000000, 0x00000000ed880000, 0x0000000100000000)
  eden space 149504K, 100% used [0x00000000e0000000,0x00000000e9200000,0x00000000e9200000)
  from space 18432K, 83% used [0x00000000e9200000,0x00000000ea112ec8,0x00000000ea400000)
  to   space 19968K, 0% used [0x00000000ec500000,0x00000000ec500000,0x00000000ed880000)
 ParOldGen       total 87040K, used 31561K [0x00000000a0000000, 0x00000000a5500000, 0x00000000e0000000)
  object space 87040K, 36% used [0x00000000a0000000,0x00000000a1ed26f0,0x00000000a5500000)
 Metaspace       used 56103K, capacity 57960K, committed 58200K, reserved 1099776K
  class space    used 7605K, capacity 8039K, committed 8064K, reserved 1048576K
Event: 10.394 GC heap after
Heap after GC invocations=14 (full 2):
 PSYoungGen      total 201728K, used 12418K [0x00000000e0000000, 0x00000000eff80000, 0x0000000100000000)
  eden space 181760K, 0% used [0x00000000e0000000,0x00000000e0000000,0x00000000eb180000)
  from space 19968K, 62% used [0x00000000ec500000,0x00000000ed120bd8,0x00000000ed880000)
  to   space 19968K, 0% used [0x00000000eb180000,0x00000000eb180000,0x00000000ec500000)
 ParOldGen       total 87040K, used 31569K [0x00000000a0000000, 0x00000000a5500000, 0x00000000e0000000)
  object space 87040K, 36% used [0x00000000a0000000,0x00000000a1ed46f0,0x00000000a5500000)
 Metaspace       used 56103K, capacity 57960K, committed 58200K, reserved 1099776K
  class space    used 7605K, capacity 8039K, committed 8064K, reserved 1048576K
}
Event: 10.415 GC heap before
{Heap before GC invocations=15 (full 2):
 PSYoungGen      total 201728K, used 194178K [0x00000000e0000000, 0x00000000eff80000, 0x0000000100000000)
  eden space 181760K, 100% used [0x00000000e0000000,0x00000000eb180000,0x00000000eb180000)
  from space 19968K, 62% used [0x00000000ec500000,0x00000000ed120bd8,0x00000000ed880000)
  to   space 19968K, 0% used [0x00000000eb180000,0x00000000eb180000,0x00000000ec500000)
 ParOldGen       total 87040K, used 31569K [0x00000000a0000000, 0x00000000a5500000, 0x00000000e0000000)
  object space 87040K, 36% used [0x00000000a0000000,0x00000000a1ed46f0,0x00000000a5500000)
 Metaspace       used 56108K, capacity 58024K, committed 58200K, reserved 1099776K
  class space    used 7605K, capacity 8039K, committed 8064K, reserved 1048576K
Event: 10.428 GC heap after
Heap after GC invocations=15 (full 2):
 PSYoungGen      total 201728K, used 32K [0x00000000e0000000, 0x00000000f3600000, 0x0000000100000000)
  eden space 181760K, 0% used [0x00000000e0000000,0x00000000e0000000,0x00000000eb180000)
  from space 19968K, 0% used [0x00000000eb180000,0x00000000eb188000,0x00000000ec500000)
  to   space 20480K, 0% used [0x00000000f2200000,0x00000000f2200000,0x00000000f3600000)
 ParOldGen       total 87040K, used 43147K [0x00000000a0000000, 0x00000000a5500000, 0x00000000e0000000)
  object space 87040K, 49% used [0x00000000a0000000,0x00000000a2a22c80,0x00000000a5500000)
 Metaspace       used 56108K, capacity 58024K, committed 58200K, reserved 1099776K
  class space    used 7605K, capacity 8039K, committed 8064K, reserved 1048576K
}
Event: 12.620 GC heap before
{Heap before GC invocations=16 (full 2):
 PSYoungGen      total 201728K, used 43027K [0x00000000e0000000, 0x00000000f3600000, 0x0000000100000000)
  eden space 181760K, 23% used [0x00000000e0000000,0x00000000e29fccc0,0x00000000eb180000)
  from space 19968K, 0% used [0x00000000eb180000,0x00000000eb188000,0x00000000ec500000)
  to   space 20480K, 0% used [0x00000000f2200000,0x00000000f2200000,0x00000000f3600000)
 ParOldGen       total 87040K, used 43147K [0x00000000a0000000, 0x00000000a5500000, 0x00000000e0000000)
  object space 87040K, 49% used [0x00000000a0000000,0x00000000a2a22c80,0x00000000a5500000)
 Metaspace       used 57026K, capacity 58966K, committed 59028K, reserved 1099776K
  class space    used 7731K, capacity 8192K, committed 8192K, reserved 1048576K
Event: 12.625 GC heap after
Heap after GC invocations=16 (full 2):
 PSYoungGen      total 288768K, used 2419K [0x00000000e0000000, 0x00000000f3200000, 0x0000000100000000)
  eden space 272384K, 0% used [0x00000000e0000000,0x00000000e0000000,0x00000000f0a00000)
  from space 16384K, 14% used [0x00000000f2200000,0x00000000f245cd08,0x00000000f3200000)
  to   space 20480K, 0% used [0x00000000f0a00000,0x00000000f0a00000,0x00000000f1e00000)
 ParOldGen       total 87040K, used 43179K [0x00000000a0000000, 0x00000000a5500000, 0x00000000e0000000)
  object space 87040K, 49% used [0x00000000a0000000,0x00000000a2a2ac80,0x00000000a5500000)
 Metaspace       used 57026K, capacity 58966K, committed 59028K, reserved 1099776K
  class space    used 7731K, capacity 8192K, committed 8192K, reserved 1048576K
}
Event: 12.625 GC heap before
{Heap before GC invocations=17 (full 3):
 PSYoungGen      total 288768K, used 2419K [0x00000000e0000000, 0x00000000f3200000, 0x0000000100000000)
  eden space 272384K, 0% used [0x00000000e0000000,0x00000000e0000000,0x00000000f0a00000)
  from space 16384K, 14% used [0x00000000f2200000,0x00000000f245cd08,0x00000000f3200000)
  to   space 20480K, 0% used [0x00000000f0a00000,0x00000000f0a00000,0x00000000f1e00000)
 ParOldGen       total 87040K, used 43179K [0x00000000a0000000, 0x00000000a5500000, 0x00000000e0000000)
  object space 87040K, 49% used [0x00000000a0000000,0x00000000a2a2ac80,0x00000000a5500000)
 Metaspace       used 57026K, capacity 58966K, committed 59028K, reserved 1099776K
  class space    used 7731K, capacity 8192K, committed 8192K, reserved 1048576K
Event: 12.880 GC heap after
Heap after GC invocations=17 (full 3):
 PSYoungGen      total 288768K, used 0K [0x00000000e0000000, 0x00000000f3200000, 0x0000000100000000)
  eden space 272384K, 0% used [0x00000000e0000000,0x00000000e0000000,0x00000000f0a00000)
  from space 16384K, 0% used [0x00000000f2200000,0x00000000f2200000,0x00000000f3200000)
  to   space 20480K, 0% used [0x00000000f0a00000,0x00000000f0a00000,0x00000000f1e00000)
 ParOldGen       total 117760K, used 34367K [0x00000000a0000000, 0x00000000a7300000, 0x00000000e0000000)
  object space 117760K, 29% used [0x00000000a0000000,0x00000000a218fdb0,0x00000000a7300000)
 Metaspace       used 57026K, capacity 58966K, committed 59028K, reserved 1099776K
  class space    used 7731K, capacity 8192K, committed 8192K, reserved 1048576K
}

