# JRE version: OpenJDK Runtime Environment (8.0_152-b01) (build 1.8.0_152-release-915-b01)
# Java VM: OpenJDK 64-Bit Server VM (25.152-b01 mixed mode windows-amd64 compressed oops)
Heap:
 PSYoungGen      total 263680K, used 50831K [0x00000000e0000000, 0x00000000f2180000, 0x0000000100000000)
  eden space 238592K, 21% used [0x00000000e0000000,0x00000000e3183fa8,0x00000000ee900000)
  from space 25088K, 0% used [0x00000000f0200000,0x00000000f0220000,0x00000000f1a80000)
  to   space 25600K, 0% used [0x00000000ee900000,0x00000000ee900000,0x00000000f0200000)
 ParOldGen       total 119296K, used 36002K [0x00000000a0000000, 0x00000000a7480000, 0x00000000e0000000)
  object space 119296K, 30% used [0x00000000a0000000,0x00000000a2328818,0x00000000a7480000)
 Metaspace       used 57073K, capacity 59118K, committed 59412K, reserved 1099776K
  class space    used 7719K, capacity 8198K, committed 8320K, reserved 1048576K
GC Heap History (10 events):
Event: 21.157 GC heap before
{Heap before GC invocations=13 (full 2):
 PSYoungGen      total 155648K, used 155624K [0x00000000e0000000, 0x00000000eb080000, 0x0000000100000000)
  eden space 141312K, 100% used [0x00000000e0000000,0x00000000e8a00000,0x00000000e8a00000)
  from space 14336K, 99% used [0x00000000e9b80000,0x00000000ea97a190,0x00000000ea980000)
  to   space 17920K, 0% used [0x00000000e8a00000,0x00000000e8a00000,0x00000000e9b80000)
 ParOldGen       total 87552K, used 22469K [0x00000000a0000000, 0x00000000a5580000, 0x00000000e0000000)
  object space 87552K, 25% used [0x00000000a0000000,0x00000000a15f15d0,0x00000000a5580000)
 Metaspace       used 56795K, capacity 58732K, committed 58840K, reserved 1099776K
  class space    used 7669K, capacity 8119K, committed 8192K, reserved 1048576K
Event: 21.188 GC heap after
Heap after GC invocations=13 (full 2):
 PSYoungGen      total 159232K, used 17917K [0x00000000e0000000, 0x00000000ed300000, 0x0000000100000000)
  eden space 141312K, 0% used [0x00000000e0000000,0x00000000e0000000,0x00000000e8a00000)
  from space 17920K, 99% used [0x00000000e8a00000,0x00000000e9b7f4b0,0x00000000e9b80000)
  to   space 22528K, 0% used [0x00000000ebd00000,0x00000000ebd00000,0x00000000ed300000)
 ParOldGen       total 87552K, used 28132K [0x00000000a0000000, 0x00000000a5580000, 0x00000000e0000000)
  object space 87552K, 32% used [0x00000000a0000000,0x00000000a1b79388,0x00000000a5580000)
 Metaspace       used 56795K, capacity 58732K, committed 58840K, reserved 1099776K
  class space    used 7669K, capacity 8119K, committed 8192K, reserved 1048576K
}
Event: 21.295 GC heap before
{Heap before GC invocations=14 (full 2):
 PSYoungGen      total 159232K, used 34241K [0x00000000e0000000, 0x00000000ed300000, 0x0000000100000000)
  eden space 141312K, 11% used [0x00000000e0000000,0x00000000e0ff10d0,0x00000000e8a00000)
  from space 17920K, 99% used [0x00000000e8a00000,0x00000000e9b7f4b0,0x00000000e9b80000)
  to   space 22528K, 0% used [0x00000000ebd00000,0x00000000ebd00000,0x00000000ed300000)
 ParOldGen       total 87552K, used 28132K [0x00000000a0000000, 0x00000000a5580000, 0x00000000e0000000)
  object space 87552K, 32% used [0x00000000a0000000,0x00000000a1b79388,0x00000000a5580000)
 Metaspace       used 57007K, capacity 58960K, committed 59028K, reserved 1099776K
  class space    used 7703K, capacity 8127K, committed 8192K, reserved 1048576K
Event: 21.319 GC heap after
Heap after GC invocations=14 (full 2):
 PSYoungGen      total 191488K, used 19568K [0x00000000e0000000, 0x00000000ef800000, 0x0000000100000000)
  eden space 168960K, 0% used [0x00000000e0000000,0x00000000e0000000,0x00000000ea500000)
  from space 22528K, 86% used [0x00000000ebd00000,0x00000000ed01c010,0x00000000ed300000)
  to   space 24576K, 0% used [0x00000000ea500000,0x00000000ea500000,0x00000000ebd00000)
 ParOldGen       total 87552K, used 28140K [0x00000000a0000000, 0x00000000a5580000, 0x00000000e0000000)
  object space 87552K, 32% used [0x00000000a0000000,0x00000000a1b7b388,0x00000000a5580000)
 Metaspace       used 57007K, capacity 58960K, committed 59028K, reserved 1099776K
  class space    used 7703K, capacity 8127K, committed 8192K, reserved 1048576K
}
Event: 21.319 GC heap before
{Heap before GC invocations=15 (full 3):
 PSYoungGen      total 191488K, used 19568K [0x00000000e0000000, 0x00000000ef800000, 0x0000000100000000)
  eden space 168960K, 0% used [0x00000000e0000000,0x00000000e0000000,0x00000000ea500000)
  from space 22528K, 86% used [0x00000000ebd00000,0x00000000ed01c010,0x00000000ed300000)
  to   space 24576K, 0% used [0x00000000ea500000,0x00000000ea500000,0x00000000ebd00000)
 ParOldGen       total 87552K, used 28140K [0x00000000a0000000, 0x00000000a5580000, 0x00000000e0000000)
  object space 87552K, 32% used [0x00000000a0000000,0x00000000a1b7b388,0x00000000a5580000)
 Metaspace       used 57007K, capacity 58960K, committed 59028K, reserved 1099776K
  class space    used 7703K, capacity 8127K, committed 8192K, reserved 1048576K
Event: 21.593 GC heap after
Heap after GC invocations=15 (full 3):
 PSYoungGen      total 191488K, used 0K [0x00000000e0000000, 0x00000000ef800000, 0x0000000100000000)
  eden space 168960K, 0% used [0x00000000e0000000,0x00000000e0000000,0x00000000ea500000)
  from space 22528K, 0% used [0x00000000ebd00000,0x00000000ebd00000,0x00000000ed300000)
  to   space 24576K, 0% used [0x00000000ea500000,0x00000000ea500000,0x00000000ebd00000)
 ParOldGen       total 119296K, used 36002K [0x00000000a0000000, 0x00000000a7480000, 0x00000000e0000000)
  object space 119296K, 30% used [0x00000000a0000000,0x00000000a2328818,0x00000000a7480000)
 Metaspace       used 57007K, capacity 58960K, committed 59028K, reserved 1099776K
  class space    used 7703K, capacity 8127K, committed 8192K, reserved 1048576K
}
Event: 21.632 GC heap before
{Heap before GC invocations=16 (full 3):
 PSYoungGen      total 191488K, used 168523K [0x00000000e0000000, 0x00000000ef800000, 0x0000000100000000)
  eden space 168960K, 99% used [0x00000000e0000000,0x00000000ea492f38,0x00000000ea500000)
  from space 22528K, 0% used [0x00000000ebd00000,0x00000000ebd00000,0x00000000ed300000)
  to   space 24576K, 0% used [0x00000000ea500000,0x00000000ea500000,0x00000000ebd00000)
 ParOldGen       total 119296K, used 36002K [0x00000000a0000000, 0x00000000a7480000, 0x00000000e0000000)
  object space 119296K, 30% used [0x00000000a0000000,0x00000000a2328818,0x00000000a7480000)
 Metaspace       used 57020K, capacity 59008K, committed 59284K, reserved 1099776K
  class space    used 7709K, capacity 8163K, committed 8192K, reserved 1048576K
Event: 21.634 GC heap after
Heap after GC invocations=16 (full 3):
 PSYoungGen      total 193536K, used 160K [0x00000000e0000000, 0x00000000f1a80000, 0x0000000100000000)
  eden space 168960K, 0% used [0x00000000e0000000,0x00000000e0000000,0x00000000ea500000)
  from space 24576K, 0% used [0x00000000ea500000,0x00000000ea528000,0x00000000ebd00000)
  to   space 25088K, 0% used [0x00000000f0200000,0x00000000f0200000,0x00000000f1a80000)
 ParOldGen       total 119296K, used 36002K [0x00000000a0000000, 0x00000000a7480000, 0x00000000e0000000)
  object space 119296K, 30% used [0x00000000a0000000,0x00000000a2328818,0x00000000a7480000)
 Metaspace       used 57020K, capacity 59008K, committed 59284K, reserved 1099776K
  class space    used 7709K, capacity 8163K, committed 8192K, reserved 1048576K
}
Event: 21.661 GC heap before
{Heap before GC invocations=17 (full 3):
 PSYoungGen      total 193536K, used 168983K [0x00000000e0000000, 0x00000000f1a80000, 0x0000000100000000)
  eden space 168960K, 99% used [0x00000000e0000000,0x00000000ea4ddee0,0x00000000ea500000)
  from space 24576K, 0% used [0x00000000ea500000,0x00000000ea528000,0x00000000ebd00000)
  to   space 25088K, 0% used [0x00000000f0200000,0x00000000f0200000,0x00000000f1a80000)
 ParOldGen       total 119296K, used 36002K [0x00000000a0000000, 0x00000000a7480000, 0x00000000e0000000)
  object space 119296K, 30% used [0x00000000a0000000,0x00000000a2328818,0x00000000a7480000)
 Metaspace       used 57020K, capacity 59008K, committed 59284K, reserved 1099776K
  class space    used 7709K, capacity 8163K, committed 8192K, reserved 1048576K
Event: 21.664 GC heap after
Heap after GC invocations=17 (full 3):
 PSYoungGen      total 263680K, used 128K [0x00000000e0000000, 0x00000000f2180000, 0x0000000100000000)
  eden space 238592K, 0% used [0x00000000e0000000,0x00000000e0000000,0x00000000ee900000)
  from space 25088K, 0% used [0x00000000f0200000,0x00000000f0220000,0x00000000f1a80000)
  to   space 25600K, 0% used [0x00000000ee900000,0x00000000ee900000,0x00000000f0200000)
 ParOldGen       total 119296K, used 36002K [0x00000000a0000000, 0x00000000a7480000, 0x00000000e0000000)
  object space 119296K, 30% used [0x00000000a0000000,0x00000000a2328818,0x00000000a7480000)
 Metaspace       used 57020K, capacity 59008K, committed 59284K, reserved 1099776K
  class space    used 7709K, capacity 8163K, committed 8192K, reserved 1048576K
}

