# JRE version: OpenJDK Runtime Environment (8.0_152-b01) (build 1.8.0_152-release-915-b01)
# Java VM: OpenJDK 64-Bit Server VM (25.152-b01 mixed mode windows-amd64 compressed oops)
Heap:
 PSYoungGen      total 247808K, used 51827K [0x00000000e0000000, 0x00000000f8300000, 0x0000000100000000)
  eden space 219648K, 23% used [0x00000000e0000000,0x00000000e329cc40,0x00000000ed680000)
  from space 28160K, 0% used [0x00000000ed680000,0x00000000ed680000,0x00000000ef200000)
  to   space 28160K, 0% used [0x00000000f6780000,0x00000000f6780000,0x00000000f8300000)
 ParOldGen       total 127488K, used 33303K [0x00000000a0000000, 0x00000000a7c80000, 0x00000000e0000000)
  object space 127488K, 26% used [0x00000000a0000000,0x00000000a2085c58,0x00000000a7c80000)
 Metaspace       used 58388K, capacity 60520K, committed 60632K, reserved 1101824K
  class space    used 7870K, capacity 8337K, committed 8448K, reserved 1048576K
GC Heap History (10 events):
Event: 9.544 GC heap before
{Heap before GC invocations=10 (full 2):
 PSYoungGen      total 161280K, used 161259K [0x00000000e0000000, 0x00000000edc00000, 0x0000000100000000)
  eden space 147456K, 100% used [0x00000000e0000000,0x00000000e9000000,0x00000000e9000000)
  from space 13824K, 99% used [0x00000000e9000000,0x00000000e9d7ad00,0x00000000e9d80000)
  to   space 17408K, 0% used [0x00000000ecb00000,0x00000000ecb00000,0x00000000edc00000)
 ParOldGen       total 101376K, used 19457K [0x00000000a0000000, 0x00000000a6300000, 0x00000000e0000000)
  object space 101376K, 19% used [0x00000000a0000000,0x00000000a1300550,0x00000000a6300000)
 Metaspace       used 54316K, capacity 56088K, committed 56280K, reserved 1097728K
  class space    used 7401K, capacity 7831K, committed 7936K, reserved 1048576K
Event: 9.569 GC heap after
Heap after GC invocations=10 (full 2):
 PSYoungGen      total 202752K, used 17389K [0x00000000e0000000, 0x00000000ee600000, 0x0000000100000000)
  eden space 185344K, 0% used [0x00000000e0000000,0x00000000e0000000,0x00000000eb500000)
  from space 17408K, 99% used [0x00000000ecb00000,0x00000000edbfb510,0x00000000edc00000)
  to   space 22528K, 0% used [0x00000000eb500000,0x00000000eb500000,0x00000000ecb00000)
 ParOldGen       total 101376K, used 24734K [0x00000000a0000000, 0x00000000a6300000, 0x00000000e0000000)
  object space 101376K, 24% used [0x00000000a0000000,0x00000000a1827a70,0x00000000a6300000)
 Metaspace       used 54316K, capacity 56088K, committed 56280K, reserved 1097728K
  class space    used 7401K, capacity 7831K, committed 7936K, reserved 1048576K
}
Event: 11.378 GC heap before
{Heap before GC invocations=11 (full 2):
 PSYoungGen      total 202752K, used 202594K [0x00000000e0000000, 0x00000000ee600000, 0x0000000100000000)
  eden space 185344K, 99% used [0x00000000e0000000,0x00000000eb4dd648,0x00000000eb500000)
  from space 17408K, 99% used [0x00000000ecb00000,0x00000000edbfb510,0x00000000edc00000)
  to   space 22528K, 0% used [0x00000000eb500000,0x00000000eb500000,0x00000000ecb00000)
 ParOldGen       total 101376K, used 24734K [0x00000000a0000000, 0x00000000a6300000, 0x00000000e0000000)
  object space 101376K, 24% used [0x00000000a0000000,0x00000000a1827a70,0x00000000a6300000)
 Metaspace       used 56973K, capacity 58942K, committed 59028K, reserved 1099776K
  class space    used 7705K, capacity 8162K, committed 8192K, reserved 1048576K
Event: 11.410 GC heap after
Heap after GC invocations=11 (full 2):
 PSYoungGen      total 207872K, used 22508K [0x00000000e0000000, 0x00000000f0c00000, 0x0000000100000000)
  eden space 185344K, 0% used [0x00000000e0000000,0x00000000e0000000,0x00000000eb500000)
  from space 22528K, 99% used [0x00000000eb500000,0x00000000ecafb3b8,0x00000000ecb00000)
  to   space 26624K, 0% used [0x00000000ef200000,0x00000000ef200000,0x00000000f0c00000)
 ParOldGen       total 101376K, used 26162K [0x00000000a0000000, 0x00000000a6300000, 0x00000000e0000000)
  object space 101376K, 25% used [0x00000000a0000000,0x00000000a198c950,0x00000000a6300000)
 Metaspace       used 56973K, capacity 58942K, committed 59028K, reserved 1099776K
  class space    used 7705K, capacity 8162K, committed 8192K, reserved 1048576K
}
Event: 11.439 GC heap before
{Heap before GC invocations=12 (full 2):
 PSYoungGen      total 207872K, used 207054K [0x00000000e0000000, 0x00000000f0c00000, 0x0000000100000000)
  eden space 185344K, 99% used [0x00000000e0000000,0x00000000eb4384d0,0x00000000eb500000)
  from space 22528K, 99% used [0x00000000eb500000,0x00000000ecafb3b8,0x00000000ecb00000)
  to   space 26624K, 0% used [0x00000000ef200000,0x00000000ef200000,0x00000000f0c00000)
 ParOldGen       total 101376K, used 26162K [0x00000000a0000000, 0x00000000a6300000, 0x00000000e0000000)
  object space 101376K, 25% used [0x00000000a0000000,0x00000000a198c950,0x00000000a6300000)
 Metaspace       used 56982K, capacity 58942K, committed 59028K, reserved 1099776K
  class space    used 7705K, capacity 8162K, committed 8192K, reserved 1048576K
Event: 11.467 GC heap after
Heap after GC invocations=12 (full 2):
 PSYoungGen      total 246272K, used 20215K [0x00000000e0000000, 0x00000000f4780000, 0x0000000100000000)
  eden space 219648K, 0% used [0x00000000e0000000,0x00000000e0000000,0x00000000ed680000)
  from space 26624K, 75% used [0x00000000ef200000,0x00000000f05bdfe8,0x00000000f0c00000)
  to   space 28160K, 0% used [0x00000000ed680000,0x00000000ed680000,0x00000000ef200000)
 ParOldGen       total 101376K, used 26170K [0x00000000a0000000, 0x00000000a6300000, 0x00000000e0000000)
  object space 101376K, 25% used [0x00000000a0000000,0x00000000a198e950,0x00000000a6300000)
 Metaspace       used 56982K, capacity 58942K, committed 59028K, reserved 1099776K
  class space    used 7705K, capacity 8162K, committed 8192K, reserved 1048576K
}
Event: 11.483 GC heap before
{Heap before GC invocations=13 (full 2):
 PSYoungGen      total 246272K, used 117142K [0x00000000e0000000, 0x00000000f4780000, 0x0000000100000000)
  eden space 219648K, 44% used [0x00000000e0000000,0x00000000e5ea7960,0x00000000ed680000)
  from space 26624K, 75% used [0x00000000ef200000,0x00000000f05bdfe8,0x00000000f0c00000)
  to   space 28160K, 0% used [0x00000000ed680000,0x00000000ed680000,0x00000000ef200000)
 ParOldGen       total 101376K, used 26170K [0x00000000a0000000, 0x00000000a6300000, 0x00000000e0000000)
  object space 101376K, 25% used [0x00000000a0000000,0x00000000a198e950,0x00000000a6300000)
 Metaspace       used 56984K, capacity 58946K, committed 59028K, reserved 1099776K
  class space    used 7705K, capacity 8162K, committed 8192K, reserved 1048576K
Event: 11.508 GC heap after
Heap after GC invocations=13 (full 2):
 PSYoungGen      total 247808K, used 2376K [0x00000000e0000000, 0x00000000f8300000, 0x0000000100000000)
  eden space 219648K, 0% used [0x00000000e0000000,0x00000000e0000000,0x00000000ed680000)
  from space 28160K, 8% used [0x00000000ed680000,0x00000000ed8d2390,0x00000000ef200000)
  to   space 28160K, 0% used [0x00000000f6780000,0x00000000f6780000,0x00000000f8300000)
 ParOldGen       total 101376K, used 43375K [0x00000000a0000000, 0x00000000a6300000, 0x00000000e0000000)
  object space 101376K, 42% used [0x00000000a0000000,0x00000000a2a5be60,0x00000000a6300000)
 Metaspace       used 56984K, capacity 58946K, committed 59028K, reserved 1099776K
  class space    used 7705K, capacity 8162K, committed 8192K, reserved 1048576K
}
Event: 11.508 GC heap before
{Heap before GC invocations=14 (full 3):
 PSYoungGen      total 247808K, used 2376K [0x00000000e0000000, 0x00000000f8300000, 0x0000000100000000)
  eden space 219648K, 0% used [0x00000000e0000000,0x00000000e0000000,0x00000000ed680000)
  from space 28160K, 8% used [0x00000000ed680000,0x00000000ed8d2390,0x00000000ef200000)
  to   space 28160K, 0% used [0x00000000f6780000,0x00000000f6780000,0x00000000f8300000)
 ParOldGen       total 101376K, used 43375K [0x00000000a0000000, 0x00000000a6300000, 0x00000000e0000000)
  object space 101376K, 42% used [0x00000000a0000000,0x00000000a2a5be60,0x00000000a6300000)
 Metaspace       used 56984K, capacity 58946K, committed 59028K, reserved 1099776K
  class space    used 7705K, capacity 8162K, committed 8192K, reserved 1048576K
Event: 11.777 GC heap after
Heap after GC invocations=14 (full 3):
 PSYoungGen      total 247808K, used 0K [0x00000000e0000000, 0x00000000f8300000, 0x0000000100000000)
  eden space 219648K, 0% used [0x00000000e0000000,0x00000000e0000000,0x00000000ed680000)
  from space 28160K, 0% used [0x00000000ed680000,0x00000000ed680000,0x00000000ef200000)
  to   space 28160K, 0% used [0x00000000f6780000,0x00000000f6780000,0x00000000f8300000)
 ParOldGen       total 127488K, used 33303K [0x00000000a0000000, 0x00000000a7c80000, 0x00000000e0000000)
  object space 127488K, 26% used [0x00000000a0000000,0x00000000a2085c58,0x00000000a7c80000)
 Metaspace       used 56984K, capacity 58946K, committed 59028K, reserved 1099776K
  class space    used 7705K, capacity 8162K, committed 8192K, reserved 1048576K
}

