# JRE version: OpenJDK Runtime Environment (8.0_152-b01) (build 1.8.0_152-release-915-b01)
# Java VM: OpenJDK 64-Bit Server VM (25.152-b01 mixed mode windows-amd64 compressed oops)
Heap:
 PSYoungGen      total 400896K, used 356963K [0x00000000e0000000, 0x00000000f9800000, 0x0000000100000000)
  eden space 384000K, 90% used [0x00000000e0000000,0x00000000f53f8d00,0x00000000f7700000)
  from space 16896K, 52% used [0x00000000f8780000,0x00000000f9020040,0x00000000f9800000)
  to   space 16896K, 0% used [0x00000000f7700000,0x00000000f7700000,0x00000000f8780000)
 ParOldGen       total 119808K, used 92790K [0x00000000a0000000, 0x00000000a7500000, 0x00000000e0000000)
  object space 119808K, 77% used [0x00000000a0000000,0x00000000a5a9d888,0x00000000a7500000)
 Metaspace       used 64842K, capacity 67336K, committed 67416K, reserved 1107968K
  class space    used 8577K, capacity 9075K, committed 9088K, reserved 1048576K
GC Heap History (10 events):
Event: 17.799 GC heap before
{Heap before GC invocations=21 (full 3):
 PSYoungGen      total 235520K, used 220638K [0x00000000e0000000, 0x00000000f2980000, 0x0000000100000000)
  eden space 214528K, 100% used [0x00000000e0000000,0x00000000ed180000,0x00000000ed180000)
  from space 20992K, 29% used [0x00000000ed180000,0x00000000ed777980,0x00000000ee600000)
  to   space 20480K, 0% used [0x00000000f1580000,0x00000000f1580000,0x00000000f2980000)
 ParOldGen       total 119808K, used 59615K [0x00000000a0000000, 0x00000000a7500000, 0x00000000e0000000)
  object space 119808K, 49% used [0x00000000a0000000,0x00000000a3a37d48,0x00000000a7500000)
 Metaspace       used 64590K, capacity 67056K, committed 67160K, reserved 1107968K
  class space    used 8575K, capacity 9075K, committed 9088K, reserved 1048576K
Event: 17.819 GC heap after
Heap after GC invocations=21 (full 3):
 PSYoungGen      total 279040K, used 6812K [0x00000000e0000000, 0x00000000f2680000, 0x0000000100000000)
  eden space 261632K, 0% used [0x00000000e0000000,0x00000000e0000000,0x00000000eff80000)
  from space 17408K, 39% used [0x00000000f1580000,0x00000000f1c27210,0x00000000f2680000)
  to   space 19968K, 0% used [0x00000000eff80000,0x00000000eff80000,0x00000000f1300000)
 ParOldGen       total 119808K, used 63656K [0x00000000a0000000, 0x00000000a7500000, 0x00000000e0000000)
  object space 119808K, 53% used [0x00000000a0000000,0x00000000a3e2a018,0x00000000a7500000)
 Metaspace       used 64590K, capacity 67056K, committed 67160K, reserved 1107968K
  class space    used 8575K, capacity 9075K, committed 9088K, reserved 1048576K
}
Event: 18.790 GC heap before
{Heap before GC invocations=22 (full 3):
 PSYoungGen      total 279040K, used 268444K [0x00000000e0000000, 0x00000000f2680000, 0x0000000100000000)
  eden space 261632K, 100% used [0x00000000e0000000,0x00000000eff80000,0x00000000eff80000)
  from space 17408K, 39% used [0x00000000f1580000,0x00000000f1c27210,0x00000000f2680000)
  to   space 19968K, 0% used [0x00000000eff80000,0x00000000eff80000,0x00000000f1300000)
 ParOldGen       total 119808K, used 63656K [0x00000000a0000000, 0x00000000a7500000, 0x00000000e0000000)
  object space 119808K, 53% used [0x00000000a0000000,0x00000000a3e2a018,0x00000000a7500000)
 Metaspace       used 64634K, capacity 67056K, committed 67160K, reserved 1107968K
  class space    used 8575K, capacity 9075K, committed 9088K, reserved 1048576K
Event: 18.838 GC heap after
Heap after GC invocations=22 (full 3):
 PSYoungGen      total 281600K, used 8433K [0x00000000e0000000, 0x00000000f5f00000, 0x0000000100000000)
  eden space 261632K, 0% used [0x00000000e0000000,0x00000000e0000000,0x00000000eff80000)
  from space 19968K, 42% used [0x00000000eff80000,0x00000000f07bc560,0x00000000f1300000)
  to   space 18944K, 0% used [0x00000000f4c80000,0x00000000f4c80000,0x00000000f5f00000)
 ParOldGen       total 119808K, used 69253K [0x00000000a0000000, 0x00000000a7500000, 0x00000000e0000000)
  object space 119808K, 57% used [0x00000000a0000000,0x00000000a43a1700,0x00000000a7500000)
 Metaspace       used 64634K, capacity 67056K, committed 67160K, reserved 1107968K
  class space    used 8575K, capacity 9075K, committed 9088K, reserved 1048576K
}
Event: 20.238 GC heap before
{Heap before GC invocations=23 (full 3):
 PSYoungGen      total 281600K, used 270065K [0x00000000e0000000, 0x00000000f5f00000, 0x0000000100000000)
  eden space 261632K, 100% used [0x00000000e0000000,0x00000000eff80000,0x00000000eff80000)
  from space 19968K, 42% used [0x00000000eff80000,0x00000000f07bc560,0x00000000f1300000)
  to   space 18944K, 0% used [0x00000000f4c80000,0x00000000f4c80000,0x00000000f5f00000)
 ParOldGen       total 119808K, used 69253K [0x00000000a0000000, 0x00000000a7500000, 0x00000000e0000000)
  object space 119808K, 57% used [0x00000000a0000000,0x00000000a43a1700,0x00000000a7500000)
 Metaspace       used 64731K, capacity 67128K, committed 67160K, reserved 1107968K
  class space    used 8576K, capacity 9075K, committed 9088K, reserved 1048576K
Event: 20.267 GC heap after
Heap after GC invocations=23 (full 3):
 PSYoungGen      total 332288K, used 10256K [0x00000000e0000000, 0x00000000f5a80000, 0x0000000100000000)
  eden space 317952K, 0% used [0x00000000e0000000,0x00000000e0000000,0x00000000f3680000)
  from space 14336K, 71% used [0x00000000f4c80000,0x00000000f5684168,0x00000000f5a80000)
  to   space 18432K, 0% used [0x00000000f3680000,0x00000000f3680000,0x00000000f4880000)
 ParOldGen       total 119808K, used 76923K [0x00000000a0000000, 0x00000000a7500000, 0x00000000e0000000)
  object space 119808K, 64% used [0x00000000a0000000,0x00000000a4b1ec68,0x00000000a7500000)
 Metaspace       used 64731K, capacity 67128K, committed 67160K, reserved 1107968K
  class space    used 8576K, capacity 9075K, committed 9088K, reserved 1048576K
}
Event: 21.652 GC heap before
{Heap before GC invocations=24 (full 3):
 PSYoungGen      total 332288K, used 328208K [0x00000000e0000000, 0x00000000f5a80000, 0x0000000100000000)
  eden space 317952K, 100% used [0x00000000e0000000,0x00000000f3680000,0x00000000f3680000)
  from space 14336K, 71% used [0x00000000f4c80000,0x00000000f5684168,0x00000000f5a80000)
  to   space 18432K, 0% used [0x00000000f3680000,0x00000000f3680000,0x00000000f4880000)
 ParOldGen       total 119808K, used 76923K [0x00000000a0000000, 0x00000000a7500000, 0x00000000e0000000)
  object space 119808K, 64% used [0x00000000a0000000,0x00000000a4b1ec68,0x00000000a7500000)
 Metaspace       used 64798K, capacity 67268K, committed 67416K, reserved 1107968K
  class space    used 8577K, capacity 9075K, committed 9088K, reserved 1048576K
Event: 21.682 GC heap after
Heap after GC invocations=24 (full 3):
 PSYoungGen      total 336384K, used 7848K [0x00000000e0000000, 0x00000000f9900000, 0x0000000100000000)
  eden space 317952K, 0% used [0x00000000e0000000,0x00000000e0000000,0x00000000f3680000)
  from space 18432K, 42% used [0x00000000f3680000,0x00000000f3e2a2f0,0x00000000f4880000)
  to   space 17920K, 0% used [0x00000000f8780000,0x00000000f8780000,0x00000000f9900000)
 ParOldGen       total 119808K, used 85700K [0x00000000a0000000, 0x00000000a7500000, 0x00000000e0000000)
  object space 119808K, 71% used [0x00000000a0000000,0x00000000a53b1388,0x00000000a7500000)
 Metaspace       used 64798K, capacity 67268K, committed 67416K, reserved 1107968K
  class space    used 8577K, capacity 9075K, committed 9088K, reserved 1048576K
}
Event: 22.636 GC heap before
{Heap before GC invocations=25 (full 3):
 PSYoungGen      total 336384K, used 325800K [0x00000000e0000000, 0x00000000f9900000, 0x0000000100000000)
  eden space 317952K, 100% used [0x00000000e0000000,0x00000000f3680000,0x00000000f3680000)
  from space 18432K, 42% used [0x00000000f3680000,0x00000000f3e2a2f0,0x00000000f4880000)
  to   space 17920K, 0% used [0x00000000f8780000,0x00000000f8780000,0x00000000f9900000)
 ParOldGen       total 119808K, used 85700K [0x00000000a0000000, 0x00000000a7500000, 0x00000000e0000000)
  object space 119808K, 71% used [0x00000000a0000000,0x00000000a53b1388,0x00000000a7500000)
 Metaspace       used 64819K, capacity 67272K, committed 67416K, reserved 1107968K
  class space    used 8577K, capacity 9075K, committed 9088K, reserved 1048576K
Event: 22.670 GC heap after
Heap after GC invocations=25 (full 3):
 PSYoungGen      total 400896K, used 8832K [0x00000000e0000000, 0x00000000f9800000, 0x0000000100000000)
  eden space 384000K, 0% used [0x00000000e0000000,0x00000000e0000000,0x00000000f7700000)
  from space 16896K, 52% used [0x00000000f8780000,0x00000000f9020040,0x00000000f9800000)
  to   space 16896K, 0% used [0x00000000f7700000,0x00000000f7700000,0x00000000f8780000)
 ParOldGen       total 119808K, used 92790K [0x00000000a0000000, 0x00000000a7500000, 0x00000000e0000000)
  object space 119808K, 77% used [0x00000000a0000000,0x00000000a5a9d888,0x00000000a7500000)
 Metaspace       used 64819K, capacity 67272K, committed 67416K, reserved 1107968K
  class space    used 8577K, capacity 9075K, committed 9088K, reserved 1048576K
}

