# JRE version: OpenJDK Runtime Environment (8.0_152-b01) (build 1.8.0_152-release-915-b01)
# Java VM: OpenJDK 64-Bit Server VM (25.152-b01 mixed mode windows-amd64 compressed oops)
Heap:
 PSYoungGen      total 58368K, used 5978K [0x00000000e0000000, 0x00000000e7200000, 0x0000000100000000)
  eden space 54272K, 3% used [0x00000000e0000000,0x00000000e01da908,0x00000000e3500000)
  from space 4096K, 99% used [0x00000000e3500000,0x00000000e38fc010,0x00000000e3900000)
  to   space 4096K, 0% used [0x00000000e6e00000,0x00000000e6e00000,0x00000000e7200000)
 ParOldGen       total 71168K, used 5268K [0x00000000a0000000, 0x00000000a4580000, 0x00000000e0000000)
  object space 71168K, 7% used [0x00000000a0000000,0x00000000a05252a8,0x00000000a4580000)
 Metaspace       used 15317K, capacity 15602K, committed 15872K, reserved 1062912K
  class space    used 2156K, capacity 2253K, committed 2304K, reserved 1048576K
GC Heap History (6 events):
Event: 1.391 GC heap before
{Heap before GC invocations=1 (full 0):
 PSYoungGen      total 31232K, used 27136K [0x00000000e0000000, 0x00000000e2280000, 0x0000000100000000)
  eden space 27136K, 100% used [0x00000000e0000000,0x00000000e1a80000,0x00000000e1a80000)
  from space 4096K, 0% used [0x00000000e1e80000,0x00000000e1e80000,0x00000000e2280000)
  to   space 4096K, 0% used [0x00000000e1a80000,0x00000000e1a80000,0x00000000e1e80000)
 ParOldGen       total 71168K, used 0K [0x00000000a0000000, 0x00000000a4580000, 0x00000000e0000000)
  object space 71168K, 0% used [0x00000000a0000000,0x00000000a0000000,0x00000000a4580000)
 Metaspace       used 6889K, capacity 7126K, committed 7424K, reserved 1056768K
  class space    used 841K, capacity 911K, committed 1024K, reserved 1048576K
Event: 1.412 GC heap after
Heap after GC invocations=1 (full 0):
 PSYoungGen      total 31232K, used 4077K [0x00000000e0000000, 0x00000000e3d00000, 0x0000000100000000)
  eden space 27136K, 0% used [0x00000000e0000000,0x00000000e0000000,0x00000000e1a80000)
  from space 4096K, 99% used [0x00000000e1a80000,0x00000000e1e7b7d0,0x00000000e1e80000)
  to   space 4096K, 0% used [0x00000000e3900000,0x00000000e3900000,0x00000000e3d00000)
 ParOldGen       total 71168K, used 8K [0x00000000a0000000, 0x00000000a4580000, 0x00000000e0000000)
  object space 71168K, 0% used [0x00000000a0000000,0x00000000a0002000,0x00000000a4580000)
 Metaspace       used 6889K, capacity 7126K, committed 7424K, reserved 1056768K
  class space    used 841K, capacity 911K, committed 1024K, reserved 1048576K
}
Event: 2.331 GC heap before
{Heap before GC invocations=2 (full 0):
 PSYoungGen      total 31232K, used 31213K [0x00000000e0000000, 0x00000000e3d00000, 0x0000000100000000)
  eden space 27136K, 100% used [0x00000000e0000000,0x00000000e1a80000,0x00000000e1a80000)
  from space 4096K, 99% used [0x00000000e1a80000,0x00000000e1e7b7d0,0x00000000e1e80000)
  to   space 4096K, 0% used [0x00000000e3900000,0x00000000e3900000,0x00000000e3d00000)
 ParOldGen       total 71168K, used 8K [0x00000000a0000000, 0x00000000a4580000, 0x00000000e0000000)
  object space 71168K, 0% used [0x00000000a0000000,0x00000000a0002000,0x00000000a4580000)
 Metaspace       used 8372K, capacity 8598K, committed 8832K, reserved 1056768K
  class space    used 1065K, capacity 1145K, committed 1152K, reserved 1048576K
Event: 2.356 GC heap after
Heap after GC invocations=2 (full 0):
 PSYoungGen      total 58368K, used 3766K [0x00000000e0000000, 0x00000000e3d00000, 0x0000000100000000)
  eden space 54272K, 0% used [0x00000000e0000000,0x00000000e0000000,0x00000000e3500000)
  from space 4096K, 91% used [0x00000000e3900000,0x00000000e3cadb20,0x00000000e3d00000)
  to   space 4096K, 0% used [0x00000000e3500000,0x00000000e3500000,0x00000000e3900000)
 ParOldGen       total 71168K, used 8K [0x00000000a0000000, 0x00000000a4580000, 0x00000000e0000000)
  object space 71168K, 0% used [0x00000000a0000000,0x00000000a0002000,0x00000000a4580000)
 Metaspace       used 8372K, capacity 8598K, committed 8832K, reserved 1056768K
  class space    used 1065K, capacity 1145K, committed 1152K, reserved 1048576K
}
Event: 6.515 GC heap before
{Heap before GC invocations=3 (full 0):
 PSYoungGen      total 58368K, used 58038K [0x00000000e0000000, 0x00000000e3d00000, 0x0000000100000000)
  eden space 54272K, 100% used [0x00000000e0000000,0x00000000e3500000,0x00000000e3500000)
  from space 4096K, 91% used [0x00000000e3900000,0x00000000e3cadb20,0x00000000e3d00000)
  to   space 4096K, 0% used [0x00000000e3500000,0x00000000e3500000,0x00000000e3900000)
 ParOldGen       total 71168K, used 8K [0x00000000a0000000, 0x00000000a4580000, 0x00000000e0000000)
  object space 71168K, 0% used [0x00000000a0000000,0x00000000a0002000,0x00000000a4580000)
 Metaspace       used 15098K, capacity 15442K, committed 15616K, reserved 1062912K
  class space    used 2118K, capacity 2221K, committed 2304K, reserved 1048576K
Event: 6.533 GC heap after
Heap after GC invocations=3 (full 0):
 PSYoungGen      total 58368K, used 4080K [0x00000000e0000000, 0x00000000e7200000, 0x0000000100000000)
  eden space 54272K, 0% used [0x00000000e0000000,0x00000000e0000000,0x00000000e3500000)
  from space 4096K, 99% used [0x00000000e3500000,0x00000000e38fc010,0x00000000e3900000)
  to   space 4096K, 0% used [0x00000000e6e00000,0x00000000e6e00000,0x00000000e7200000)
 ParOldGen       total 71168K, used 5268K [0x00000000a0000000, 0x00000000a4580000, 0x00000000e0000000)
  object space 71168K, 7% used [0x00000000a0000000,0x00000000a05252a8,0x00000000a4580000)
 Metaspace       used 15098K, capacity 15442K, committed 15616K, reserved 1062912K
  class space    used 2118K, capacity 2221K, committed 2304K, reserved 1048576K
}

