# JRE version: OpenJDK Runtime Environment (8.0_152-b01) (build 1.8.0_152-release-915-b01)
# Java VM: OpenJDK 64-Bit Server VM (25.152-b01 mixed mode windows-amd64 compressed oops)
Heap:
 PSYoungGen      total 62976K, used 49679K [0x00000000e0000000, 0x00000000e6180000, 0x0000000100000000)
  eden space 54272K, 78% used [0x00000000e0000000,0x00000000e29d9718,0x00000000e3500000)
  from space 8704K, 78% used [0x00000000e3500000,0x00000000e3baa8d8,0x00000000e3d80000)
  to   space 8704K, 0% used [0x00000000e5900000,0x00000000e5900000,0x00000000e6180000)
 ParOldGen       total 52224K, used 7523K [0x00000000a0000000, 0x00000000a3300000, 0x00000000e0000000)
  object space 52224K, 14% used [0x00000000a0000000,0x00000000a0758ff8,0x00000000a3300000)
 Metaspace       used 28219K, capacity 28856K, committed 29056K, reserved 1075200K
  class space    used 3949K, capacity 4133K, committed 4224K, reserved 1048576K
GC Heap History (10 events):
Event: 2.177 GC heap before
{Heap before GC invocations=4 (full 0):
 PSYoungGen      total 31232K, used 31200K [0x00000000e0000000, 0x00000000e2280000, 0x0000000100000000)
  eden space 27136K, 100% used [0x00000000e0000000,0x00000000e1a80000,0x00000000e1a80000)
  from space 4096K, 99% used [0x00000000e1a80000,0x00000000e1e78040,0x00000000e1e80000)
  to   space 4096K, 0% used [0x00000000e1e80000,0x00000000e1e80000,0x00000000e2280000)
 ParOldGen       total 71168K, used 2168K [0x00000000a0000000, 0x00000000a4580000, 0x00000000e0000000)
  object space 71168K, 3% used [0x00000000a0000000,0x00000000a021e170,0x00000000a4580000)
 Metaspace       used 15580K, capacity 15894K, committed 16128K, reserved 1062912K
  class space    used 2195K, capacity 2287K, committed 2304K, reserved 1048576K
Event: 2.187 GC heap after
Heap after GC invocations=4 (full 0):
 PSYoungGen      total 31232K, used 4080K [0x00000000e0000000, 0x00000000e3d00000, 0x0000000100000000)
  eden space 27136K, 0% used [0x00000000e0000000,0x00000000e0000000,0x00000000e1a80000)
  from space 4096K, 99% used [0x00000000e1e80000,0x00000000e227c050,0x00000000e2280000)
  to   space 4096K, 0% used [0x00000000e1a80000,0x00000000e1a80000,0x00000000e1e80000)
 ParOldGen       total 71168K, used 5616K [0x00000000a0000000, 0x00000000a4580000, 0x00000000e0000000)
  object space 71168K, 7% used [0x00000000a0000000,0x00000000a057c0a0,0x00000000a4580000)
 Metaspace       used 15580K, capacity 15894K, committed 16128K, reserved 1062912K
  class space    used 2195K, capacity 2287K, committed 2304K, reserved 1048576K
}
Event: 2.925 GC heap before
{Heap before GC invocations=5 (full 0):
 PSYoungGen      total 31232K, used 31216K [0x00000000e0000000, 0x00000000e3d00000, 0x0000000100000000)
  eden space 27136K, 100% used [0x00000000e0000000,0x00000000e1a80000,0x00000000e1a80000)
  from space 4096K, 99% used [0x00000000e1e80000,0x00000000e227c050,0x00000000e2280000)
  to   space 4096K, 0% used [0x00000000e1a80000,0x00000000e1a80000,0x00000000e1e80000)
 ParOldGen       total 71168K, used 5616K [0x00000000a0000000, 0x00000000a4580000, 0x00000000e0000000)
  object space 71168K, 7% used [0x00000000a0000000,0x00000000a057c0a0,0x00000000a4580000)
 Metaspace       used 18299K, capacity 18672K, committed 18944K, reserved 1064960K
  class space    used 2633K, capacity 2755K, committed 2816K, reserved 1048576K
Event: 2.935 GC heap after
Heap after GC invocations=5 (full 0):
 PSYoungGen      total 31232K, used 4080K [0x00000000e0000000, 0x00000000e4700000, 0x0000000100000000)
  eden space 27136K, 0% used [0x00000000e0000000,0x00000000e0000000,0x00000000e1a80000)
  from space 4096K, 99% used [0x00000000e1a80000,0x00000000e1e7c020,0x00000000e1e80000)
  to   space 9216K, 0% used [0x00000000e3e00000,0x00000000e3e00000,0x00000000e4700000)
 ParOldGen       total 71168K, used 8702K [0x00000000a0000000, 0x00000000a4580000, 0x00000000e0000000)
  object space 71168K, 12% used [0x00000000a0000000,0x00000000a087fad8,0x00000000a4580000)
 Metaspace       used 18299K, capacity 18672K, committed 18944K, reserved 1064960K
  class space    used 2633K, capacity 2755K, committed 2816K, reserved 1048576K
}
Event: 3.135 GC heap before
{Heap before GC invocations=6 (full 0):
 PSYoungGen      total 31232K, used 14677K [0x00000000e0000000, 0x00000000e4700000, 0x0000000100000000)
  eden space 27136K, 39% used [0x00000000e0000000,0x00000000e0a59648,0x00000000e1a80000)
  from space 4096K, 99% used [0x00000000e1a80000,0x00000000e1e7c020,0x00000000e1e80000)
  to   space 9216K, 0% used [0x00000000e3e00000,0x00000000e3e00000,0x00000000e4700000)
 ParOldGen       total 71168K, used 8702K [0x00000000a0000000, 0x00000000a4580000, 0x00000000e0000000)
  object space 71168K, 12% used [0x00000000a0000000,0x00000000a087fad8,0x00000000a4580000)
 Metaspace       used 20764K, capacity 21200K, committed 21248K, reserved 1067008K
  class space    used 2892K, capacity 3043K, committed 3072K, reserved 1048576K
Event: 3.144 GC heap after
Heap after GC invocations=6 (full 0):
 PSYoungGen      total 62464K, used 6042K [0x00000000e0000000, 0x00000000e4600000, 0x0000000100000000)
  eden space 54272K, 0% used [0x00000000e0000000,0x00000000e0000000,0x00000000e3500000)
  from space 8192K, 73% used [0x00000000e3e00000,0x00000000e43e6970,0x00000000e4600000)
  to   space 8704K, 0% used [0x00000000e3500000,0x00000000e3500000,0x00000000e3d80000)
 ParOldGen       total 71168K, used 8710K [0x00000000a0000000, 0x00000000a4580000, 0x00000000e0000000)
  object space 71168K, 12% used [0x00000000a0000000,0x00000000a0881ad8,0x00000000a4580000)
 Metaspace       used 20764K, capacity 21200K, committed 21248K, reserved 1067008K
  class space    used 2892K, capacity 3043K, committed 3072K, reserved 1048576K
}
Event: 3.144 GC heap before
{Heap before GC invocations=7 (full 1):
 PSYoungGen      total 62464K, used 6042K [0x00000000e0000000, 0x00000000e4600000, 0x0000000100000000)
  eden space 54272K, 0% used [0x00000000e0000000,0x00000000e0000000,0x00000000e3500000)
  from space 8192K, 73% used [0x00000000e3e00000,0x00000000e43e6970,0x00000000e4600000)
  to   space 8704K, 0% used [0x00000000e3500000,0x00000000e3500000,0x00000000e3d80000)
 ParOldGen       total 71168K, used 8710K [0x00000000a0000000, 0x00000000a4580000, 0x00000000e0000000)
  object space 71168K, 12% used [0x00000000a0000000,0x00000000a0881ad8,0x00000000a4580000)
 Metaspace       used 20764K, capacity 21200K, committed 21248K, reserved 1067008K
  class space    used 2892K, capacity 3043K, committed 3072K, reserved 1048576K
Event: 3.201 GC heap after
Heap after GC invocations=7 (full 1):
 PSYoungGen      total 62464K, used 0K [0x00000000e0000000, 0x00000000e4600000, 0x0000000100000000)
  eden space 54272K, 0% used [0x00000000e0000000,0x00000000e0000000,0x00000000e3500000)
  from space 8192K, 0% used [0x00000000e3e00000,0x00000000e3e00000,0x00000000e4600000)
  to   space 8704K, 0% used [0x00000000e3500000,0x00000000e3500000,0x00000000e3d80000)
 ParOldGen       total 52224K, used 7523K [0x00000000a0000000, 0x00000000a3300000, 0x00000000e0000000)
  object space 52224K, 14% used [0x00000000a0000000,0x00000000a0758ff8,0x00000000a3300000)
 Metaspace       used 20764K, capacity 21200K, committed 21248K, reserved 1067008K
  class space    used 2892K, capacity 3043K, committed 3072K, reserved 1048576K
}
Event: 4.011 GC heap before
{Heap before GC invocations=8 (full 1):
 PSYoungGen      total 62464K, used 54272K [0x00000000e0000000, 0x00000000e4600000, 0x0000000100000000)
  eden space 54272K, 100% used [0x00000000e0000000,0x00000000e3500000,0x00000000e3500000)
  from space 8192K, 0% used [0x00000000e3e00000,0x00000000e3e00000,0x00000000e4600000)
  to   space 8704K, 0% used [0x00000000e3500000,0x00000000e3500000,0x00000000e3d80000)
 ParOldGen       total 52224K, used 7523K [0x00000000a0000000, 0x00000000a3300000, 0x00000000e0000000)
  object space 52224K, 14% used [0x00000000a0000000,0x00000000a0758ff8,0x00000000a3300000)
 Metaspace       used 25318K, capacity 25902K, committed 25984K, reserved 1071104K
  class space    used 3520K, capacity 3704K, committed 3712K, reserved 1048576K
Event: 4.025 GC heap after
Heap after GC invocations=8 (full 1):
 PSYoungGen      total 62976K, used 6826K [0x00000000e0000000, 0x00000000e6180000, 0x0000000100000000)
  eden space 54272K, 0% used [0x00000000e0000000,0x00000000e0000000,0x00000000e3500000)
  from space 8704K, 78% used [0x00000000e3500000,0x00000000e3baa8d8,0x00000000e3d80000)
  to   space 8704K, 0% used [0x00000000e5900000,0x00000000e5900000,0x00000000e6180000)
 ParOldGen       total 52224K, used 7523K [0x00000000a0000000, 0x00000000a3300000, 0x00000000e0000000)
  object space 52224K, 14% used [0x00000000a0000000,0x00000000a0758ff8,0x00000000a3300000)
 Metaspace       used 25318K, capacity 25902K, committed 25984K, reserved 1071104K
  class space    used 3520K, capacity 3704K, committed 3712K, reserved 1048576K
}

