# JRE version: OpenJDK Runtime Environment (8.0_152-b01) (build 1.8.0_152-release-915-b01)
# Java VM: OpenJDK 64-Bit Server VM (25.152-b01 mixed mode windows-amd64 compressed oops)
Heap:
 PSYoungGen      total 284672K, used 177422K [0x00000000e0000000, 0x00000000f3280000, 0x0000000100000000)
  eden space 261632K, 66% used [0x00000000e0000000,0x00000000ea982280,0x00000000eff80000)
  from space 23040K, 16% used [0x00000000f1c00000,0x00000000f1fc1978,0x00000000f3280000)
  to   space 26112K, 0% used [0x00000000eff80000,0x00000000eff80000,0x00000000f1900000)
 ParOldGen       total 135168K, used 84486K [0x00000000a0000000, 0x00000000a8400000, 0x00000000e0000000)
  object space 135168K, 62% used [0x00000000a0000000,0x00000000a5281bb0,0x00000000a8400000)
 Metaspace       used 82686K, capacity 86968K, committed 87168K, reserved 1124352K
  class space    used 10589K, capacity 11616K, committed 11648K, reserved 1048576K
GC Heap History (10 events):
Event: 277.228 GC heap before
{Heap before GC invocations=19 (full 3):
 PSYoungGen      total 205824K, used 198481K [0x00000000e0000000, 0x00000000eec80000, 0x0000000100000000)
  eden space 188928K, 100% used [0x00000000e0000000,0x00000000eb880000,0x00000000eb880000)
  from space 16896K, 56% used [0x00000000eb880000,0x00000000ec1d4580,0x00000000ec900000)
  to   space 16384K, 0% used [0x00000000edc80000,0x00000000edc80000,0x00000000eec80000)
 ParOldGen       total 135168K, used 48351K [0x00000000a0000000, 0x00000000a8400000, 0x00000000e0000000)
  object space 135168K, 35% used [0x00000000a0000000,0x00000000a2f37c60,0x00000000a8400000)
 Metaspace       used 68834K, capacity 72058K, committed 72320K, reserved 1112064K
  class space    used 9015K, capacity 9809K, committed 9856K, reserved 1048576K
Event: 277.262 GC heap after
Heap after GC invocations=19 (full 3):
 PSYoungGen      total 221696K, used 16364K [0x00000000e0000000, 0x00000000eff80000, 0x0000000100000000)
  eden space 205312K, 0% used [0x00000000e0000000,0x00000000e0000000,0x00000000ec880000)
  from space 16384K, 99% used [0x00000000edc80000,0x00000000eec7b320,0x00000000eec80000)
  to   space 20480K, 0% used [0x00000000ec880000,0x00000000ec880000,0x00000000edc80000)
 ParOldGen       total 135168K, used 54416K [0x00000000a0000000, 0x00000000a8400000, 0x00000000e0000000)
  object space 135168K, 40% used [0x00000000a0000000,0x00000000a3524110,0x00000000a8400000)
 Metaspace       used 68834K, capacity 72058K, committed 72320K, reserved 1112064K
  class space    used 9015K, capacity 9809K, committed 9856K, reserved 1048576K
}
Event: 423.917 GC heap before
{Heap before GC invocations=20 (full 3):
 PSYoungGen      total 221696K, used 221676K [0x00000000e0000000, 0x00000000eff80000, 0x0000000100000000)
  eden space 205312K, 100% used [0x00000000e0000000,0x00000000ec880000,0x00000000ec880000)
  from space 16384K, 99% used [0x00000000edc80000,0x00000000eec7b320,0x00000000eec80000)
  to   space 20480K, 0% used [0x00000000ec880000,0x00000000ec880000,0x00000000edc80000)
 ParOldGen       total 135168K, used 54416K [0x00000000a0000000, 0x00000000a8400000, 0x00000000e0000000)
  object space 135168K, 40% used [0x00000000a0000000,0x00000000a3524110,0x00000000a8400000)
 Metaspace       used 71282K, capacity 74910K, committed 75008K, reserved 1114112K
  class space    used 9295K, capacity 10197K, committed 10240K, reserved 1048576K
Event: 423.950 GC heap after
Heap after GC invocations=20 (full 3):
 PSYoungGen      total 216576K, used 18350K [0x00000000e0000000, 0x00000000eed80000, 0x0000000100000000)
  eden space 198144K, 0% used [0x00000000e0000000,0x00000000e0000000,0x00000000ec180000)
  from space 18432K, 99% used [0x00000000ec880000,0x00000000eda6bab0,0x00000000eda80000)
  to   space 19456K, 0% used [0x00000000eda80000,0x00000000eda80000,0x00000000eed80000)
 ParOldGen       total 135168K, used 58986K [0x00000000a0000000, 0x00000000a8400000, 0x00000000e0000000)
  object space 135168K, 43% used [0x00000000a0000000,0x00000000a399aab8,0x00000000a8400000)
 Metaspace       used 71282K, capacity 74910K, committed 75008K, reserved 1114112K
  class space    used 9295K, capacity 10197K, committed 10240K, reserved 1048576K
}
Event: 431.432 GC heap before
{Heap before GC invocations=21 (full 3):
 PSYoungGen      total 216576K, used 216136K [0x00000000e0000000, 0x00000000eed80000, 0x0000000100000000)
  eden space 198144K, 99% used [0x00000000e0000000,0x00000000ec126688,0x00000000ec180000)
  from space 18432K, 99% used [0x00000000ec880000,0x00000000eda6bab0,0x00000000eda80000)
  to   space 19456K, 0% used [0x00000000eda80000,0x00000000eda80000,0x00000000eed80000)
 ParOldGen       total 135168K, used 58986K [0x00000000a0000000, 0x00000000a8400000, 0x00000000e0000000)
  object space 135168K, 43% used [0x00000000a0000000,0x00000000a399aab8,0x00000000a8400000)
 Metaspace       used 78119K, capacity 81892K, committed 81920K, reserved 1120256K
  class space    used 10055K, capacity 11004K, committed 11008K, reserved 1048576K
Event: 431.567 GC heap after
Heap after GC invocations=21 (full 3):
 PSYoungGen      total 216576K, used 19455K [0x00000000e0000000, 0x00000000f0d00000, 0x0000000100000000)
  eden space 197120K, 0% used [0x00000000e0000000,0x00000000e0000000,0x00000000ec080000)
  from space 19456K, 99% used [0x00000000eda80000,0x00000000eed7fc40,0x00000000eed80000)
  to   space 26624K, 0% used [0x00000000ec080000,0x00000000ec080000,0x00000000eda80000)
 ParOldGen       total 135168K, used 65444K [0x00000000a0000000, 0x00000000a8400000, 0x00000000e0000000)
  object space 135168K, 48% used [0x00000000a0000000,0x00000000a3fe91b0,0x00000000a8400000)
 Metaspace       used 78119K, capacity 81892K, committed 81920K, reserved 1120256K
  class space    used 10055K, capacity 11004K, committed 11008K, reserved 1048576K
}
Event: 431.601 GC heap before
{Heap before GC invocations=22 (full 3):
 PSYoungGen      total 216576K, used 215656K [0x00000000e0000000, 0x00000000f0d00000, 0x0000000100000000)
  eden space 197120K, 99% used [0x00000000e0000000,0x00000000ebf9a4b0,0x00000000ec080000)
  from space 19456K, 99% used [0x00000000eda80000,0x00000000eed7fc40,0x00000000eed80000)
  to   space 26624K, 0% used [0x00000000ec080000,0x00000000ec080000,0x00000000eda80000)
 ParOldGen       total 135168K, used 65444K [0x00000000a0000000, 0x00000000a8400000, 0x00000000e0000000)
  object space 135168K, 48% used [0x00000000a0000000,0x00000000a3fe91b0,0x00000000a8400000)
 Metaspace       used 78126K, capacity 81892K, committed 81920K, reserved 1120256K
  class space    used 10055K, capacity 11004K, committed 11008K, reserved 1048576K
Event: 431.633 GC heap after
Heap after GC invocations=22 (full 3):
 PSYoungGen      total 223744K, used 8606K [0x00000000e0000000, 0x00000000f3580000, 0x0000000100000000)
  eden space 197120K, 0% used [0x00000000e0000000,0x00000000e0000000,0x00000000ec080000)
  from space 26624K, 32% used [0x00000000ec080000,0x00000000ec8e7ac0,0x00000000eda80000)
  to   space 26112K, 0% used [0x00000000f1c00000,0x00000000f1c00000,0x00000000f3580000)
 ParOldGen       total 135168K, used 76045K [0x00000000a0000000, 0x00000000a8400000, 0x00000000e0000000)
  object space 135168K, 56% used [0x00000000a0000000,0x00000000a4a434a0,0x00000000a8400000)
 Metaspace       used 78126K, capacity 81892K, committed 81920K, reserved 1120256K
  class space    used 10055K, capacity 11004K, committed 11008K, reserved 1048576K
}
Event: 432.997 GC heap before
{Heap before GC invocations=23 (full 3):
 PSYoungGen      total 223744K, used 205726K [0x00000000e0000000, 0x00000000f3580000, 0x0000000100000000)
  eden space 197120K, 100% used [0x00000000e0000000,0x00000000ec080000,0x00000000ec080000)
  from space 26624K, 32% used [0x00000000ec080000,0x00000000ec8e7ac0,0x00000000eda80000)
  to   space 26112K, 0% used [0x00000000f1c00000,0x00000000f1c00000,0x00000000f3580000)
 ParOldGen       total 135168K, used 76045K [0x00000000a0000000, 0x00000000a8400000, 0x00000000e0000000)
  object space 135168K, 56% used [0x00000000a0000000,0x00000000a4a434a0,0x00000000a8400000)
 Metaspace       used 79176K, capacity 83204K, committed 83456K, reserved 1122304K
  class space    used 10204K, capacity 11206K, committed 11264K, reserved 1048576K
Event: 433.013 GC heap after
Heap after GC invocations=23 (full 3):
 PSYoungGen      total 284672K, used 3846K [0x00000000e0000000, 0x00000000f3280000, 0x0000000100000000)
  eden space 261632K, 0% used [0x00000000e0000000,0x00000000e0000000,0x00000000eff80000)
  from space 23040K, 16% used [0x00000000f1c00000,0x00000000f1fc1978,0x00000000f3280000)
  to   space 26112K, 0% used [0x00000000eff80000,0x00000000eff80000,0x00000000f1900000)
 ParOldGen       total 135168K, used 84486K [0x00000000a0000000, 0x00000000a8400000, 0x00000000e0000000)
  object space 135168K, 62% used [0x00000000a0000000,0x00000000a5281bb0,0x00000000a8400000)
 Metaspace       used 79176K, capacity 83204K, committed 83456K, reserved 1122304K
  class space    used 10204K, capacity 11206K, committed 11264K, reserved 1048576K
}

