# JRE version: OpenJDK Runtime Environment (8.0_152-b01) (build 1.8.0_152-release-915-b01)
# Java VM: OpenJDK 64-Bit Server VM (25.152-b01 mixed mode windows-amd64 compressed oops)
Heap:
 PSYoungGen      total 378368K, used 309958K [0x00000000e0000000, 0x00000000f8d80000, 0x0000000100000000)
  eden space 354816K, 84% used [0x00000000e0000000,0x00000000f2567fb8,0x00000000f5a80000)
  from space 23552K, 40% used [0x00000000f7680000,0x00000000f7fc9a30,0x00000000f8d80000)
  to   space 26112K, 0% used [0x00000000f5a80000,0x00000000f5a80000,0x00000000f7400000)
 ParOldGen       total 130048K, used 98117K [0x00000000a0000000, 0x00000000a7f00000, 0x00000000e0000000)
  object space 130048K, 75% used [0x00000000a0000000,0x00000000a5fd14f8,0x00000000a7f00000)
 Metaspace       used 64872K, capacity 67354K, committed 67416K, reserved 1107968K
  class space    used 8581K, capacity 9080K, committed 9088K, reserved 1048576K
GC Heap History (10 events):
Event: 20.735 GC heap before
{Heap before GC invocations=23 (full 3):
 PSYoungGen      total 263168K, used 258511K [0x00000000e0000000, 0x00000000f5400000, 0x0000000100000000)
  eden space 235520K, 100% used [0x00000000e0000000,0x00000000ee600000,0x00000000ee600000)
  from space 27648K, 83% used [0x00000000ee600000,0x00000000efc73e80,0x00000000f0100000)
  to   space 30208K, 0% used [0x00000000f3680000,0x00000000f3680000,0x00000000f5400000)
 ParOldGen       total 130048K, used 54414K [0x00000000a0000000, 0x00000000a7f00000, 0x00000000e0000000)
  object space 130048K, 41% used [0x00000000a0000000,0x00000000a3523888,0x00000000a7f00000)
 Metaspace       used 64693K, capacity 67180K, committed 67416K, reserved 1107968K
  class space    used 8573K, capacity 9073K, committed 9088K, reserved 1048576K
Event: 20.803 GC heap after
Heap after GC invocations=23 (full 3):
 PSYoungGen      total 319488K, used 12862K [0x00000000e0000000, 0x00000000f5480000, 0x0000000100000000)
  eden space 289280K, 0% used [0x00000000e0000000,0x00000000e0000000,0x00000000f1a80000)
  from space 30208K, 42% used [0x00000000f3680000,0x00000000f430fa88,0x00000000f5400000)
  to   space 28672K, 0% used [0x00000000f1a80000,0x00000000f1a80000,0x00000000f3680000)
 ParOldGen       total 130048K, used 67042K [0x00000000a0000000, 0x00000000a7f00000, 0x00000000e0000000)
  object space 130048K, 51% used [0x00000000a0000000,0x00000000a4178b38,0x00000000a7f00000)
 Metaspace       used 64693K, capacity 67180K, committed 67416K, reserved 1107968K
  class space    used 8573K, capacity 9073K, committed 9088K, reserved 1048576K
}
Event: 21.799 GC heap before
{Heap before GC invocations=24 (full 3):
 PSYoungGen      total 319488K, used 302142K [0x00000000e0000000, 0x00000000f5480000, 0x0000000100000000)
  eden space 289280K, 100% used [0x00000000e0000000,0x00000000f1a80000,0x00000000f1a80000)
  from space 30208K, 42% used [0x00000000f3680000,0x00000000f430fa88,0x00000000f5400000)
  to   space 28672K, 0% used [0x00000000f1a80000,0x00000000f1a80000,0x00000000f3680000)
 ParOldGen       total 130048K, used 67042K [0x00000000a0000000, 0x00000000a7f00000, 0x00000000e0000000)
  object space 130048K, 51% used [0x00000000a0000000,0x00000000a4178b38,0x00000000a7f00000)
 Metaspace       used 64710K, capacity 67184K, committed 67416K, reserved 1107968K
  class space    used 8574K, capacity 9073K, committed 9088K, reserved 1048576K
Event: 21.837 GC heap after
Heap after GC invocations=24 (full 3):
 PSYoungGen      total 317952K, used 13900K [0x00000000e0000000, 0x00000000f9100000, 0x0000000100000000)
  eden space 289280K, 0% used [0x00000000e0000000,0x00000000e0000000,0x00000000f1a80000)
  from space 28672K, 48% used [0x00000000f1a80000,0x00000000f2813170,0x00000000f3680000)
  to   space 27136K, 0% used [0x00000000f7680000,0x00000000f7680000,0x00000000f9100000)
 ParOldGen       total 130048K, used 71376K [0x00000000a0000000, 0x00000000a7f00000, 0x00000000e0000000)
  object space 130048K, 54% used [0x00000000a0000000,0x00000000a45b4250,0x00000000a7f00000)
 Metaspace       used 64710K, capacity 67184K, committed 67416K, reserved 1107968K
  class space    used 8574K, capacity 9073K, committed 9088K, reserved 1048576K
}
Event: 22.976 GC heap before
{Heap before GC invocations=25 (full 3):
 PSYoungGen      total 317952K, used 303180K [0x00000000e0000000, 0x00000000f9100000, 0x0000000100000000)
  eden space 289280K, 100% used [0x00000000e0000000,0x00000000f1a80000,0x00000000f1a80000)
  from space 28672K, 48% used [0x00000000f1a80000,0x00000000f2813170,0x00000000f3680000)
  to   space 27136K, 0% used [0x00000000f7680000,0x00000000f7680000,0x00000000f9100000)
 ParOldGen       total 130048K, used 71376K [0x00000000a0000000, 0x00000000a7f00000, 0x00000000e0000000)
  object space 130048K, 54% used [0x00000000a0000000,0x00000000a45b4250,0x00000000a7f00000)
 Metaspace       used 64740K, capacity 67252K, committed 67416K, reserved 1107968K
  class space    used 8574K, capacity 9073K, committed 9088K, reserved 1048576K
Event: 23.018 GC heap after
Heap after GC invocations=25 (full 3):
 PSYoungGen      total 378368K, used 14080K [0x00000000e0000000, 0x00000000f8d80000, 0x0000000100000000)
  eden space 354816K, 0% used [0x00000000e0000000,0x00000000e0000000,0x00000000f5a80000)
  from space 23552K, 59% used [0x00000000f7680000,0x00000000f84402e0,0x00000000f8d80000)
  to   space 26112K, 0% used [0x00000000f5a80000,0x00000000f5a80000,0x00000000f7400000)
 ParOldGen       total 130048K, used 77727K [0x00000000a0000000, 0x00000000a7f00000, 0x00000000e0000000)
  object space 130048K, 59% used [0x00000000a0000000,0x00000000a4be7ff8,0x00000000a7f00000)
 Metaspace       used 64740K, capacity 67252K, committed 67416K, reserved 1107968K
  class space    used 8574K, capacity 9073K, committed 9088K, reserved 1048576K
}
Event: 23.940 GC heap before
{Heap before GC invocations=26 (full 3):
 PSYoungGen      total 378368K, used 368896K [0x00000000e0000000, 0x00000000f8d80000, 0x0000000100000000)
  eden space 354816K, 100% used [0x00000000e0000000,0x00000000f5a80000,0x00000000f5a80000)
  from space 23552K, 59% used [0x00000000f7680000,0x00000000f84402e0,0x00000000f8d80000)
  to   space 26112K, 0% used [0x00000000f5a80000,0x00000000f5a80000,0x00000000f7400000)
 ParOldGen       total 130048K, used 77727K [0x00000000a0000000, 0x00000000a7f00000, 0x00000000e0000000)
  object space 130048K, 59% used [0x00000000a0000000,0x00000000a4be7ff8,0x00000000a7f00000)
 Metaspace       used 64744K, capacity 67252K, committed 67416K, reserved 1107968K
  class space    used 8574K, capacity 9073K, committed 9088K, reserved 1048576K
Event: 23.991 GC heap after
Heap after GC invocations=26 (full 3):
 PSYoungGen      total 380928K, used 13088K [0x00000000e0000000, 0x00000000f8d80000, 0x0000000100000000)
  eden space 354816K, 0% used [0x00000000e0000000,0x00000000e0000000,0x00000000f5a80000)
  from space 26112K, 50% used [0x00000000f5a80000,0x00000000f67481d8,0x00000000f7400000)
  to   space 23552K, 0% used [0x00000000f7680000,0x00000000f7680000,0x00000000f8d80000)
 ParOldGen       total 130048K, used 88555K [0x00000000a0000000, 0x00000000a7f00000, 0x00000000e0000000)
  object space 130048K, 68% used [0x00000000a0000000,0x00000000a567ad70,0x00000000a7f00000)
 Metaspace       used 64744K, capacity 67252K, committed 67416K, reserved 1107968K
  class space    used 8574K, capacity 9073K, committed 9088K, reserved 1048576K
}
Event: 25.231 GC heap before
{Heap before GC invocations=27 (full 3):
 PSYoungGen      total 380928K, used 367904K [0x00000000e0000000, 0x00000000f8d80000, 0x0000000100000000)
  eden space 354816K, 100% used [0x00000000e0000000,0x00000000f5a80000,0x00000000f5a80000)
  from space 26112K, 50% used [0x00000000f5a80000,0x00000000f67481d8,0x00000000f7400000)
  to   space 23552K, 0% used [0x00000000f7680000,0x00000000f7680000,0x00000000f8d80000)
 ParOldGen       total 130048K, used 88555K [0x00000000a0000000, 0x00000000a7f00000, 0x00000000e0000000)
  object space 130048K, 68% used [0x00000000a0000000,0x00000000a567ad70,0x00000000a7f00000)
 Metaspace       used 64814K, capacity 67316K, committed 67416K, reserved 1107968K
  class space    used 8574K, capacity 9073K, committed 9088K, reserved 1048576K
Event: 25.269 GC heap after
Heap after GC invocations=27 (full 3):
 PSYoungGen      total 378368K, used 9510K [0x00000000e0000000, 0x00000000f8d80000, 0x0000000100000000)
  eden space 354816K, 0% used [0x00000000e0000000,0x00000000e0000000,0x00000000f5a80000)
  from space 23552K, 40% used [0x00000000f7680000,0x00000000f7fc9a30,0x00000000f8d80000)
  to   space 26112K, 0% used [0x00000000f5a80000,0x00000000f5a80000,0x00000000f7400000)
 ParOldGen       total 130048K, used 98117K [0x00000000a0000000, 0x00000000a7f00000, 0x00000000e0000000)
  object space 130048K, 75% used [0x00000000a0000000,0x00000000a5fd14f8,0x00000000a7f00000)
 Metaspace       used 64814K, capacity 67316K, committed 67416K, reserved 1107968K
  class space    used 8574K, capacity 9073K, committed 9088K, reserved 1048576K
}

